<?xml version="1.0" encoding="UTF-8" ?>
<testsuite failures="0" time="20.771" errors="12" skipped="0" tests="12" name="br.com.devmedia.consultorioee.service.ServiceServiceTest">
  <properties>
[...]
</properties>
  <testcase time="3.084" classname="br.com.devmedia.consultorioee.service.ServiceServiceTest" name="testAddService">
    <error message="Failed to deploy EJB modules - see log for details" type="javax.ejb.EJBException">javax.ejb.EJBException: Failed to deploy EJB modules - see log for details
	at org.glassfish.ejb.embedded.EJBContainerImpl.deploy(EJBContainerImpl.java:150)
	at org.glassfish.ejb.embedded.EJBContainerProviderImpl.createEJBContainer(EJBContainerProviderImpl.java:134)
	at javax.ejb.embeddable.EJBContainer.createEJBContainer(EJBContainer.java:127)
	at javax.ejb.embeddable.EJBContainer.createEJBContainer(EJBContainer.java:102)
	at br.com.devmedia.consultorioee.service.ServiceServiceTest.setUp(ServiceServiceTest.java:41)
	at sun.reflect.NativeMethodAccessorImpl.invoke0(Native Method)
	at sun.reflect.NativeMethodAccessorImpl.invoke(NativeMethodAccessorImpl.java:57)
	at sun.reflect.DelegatingMethodAccessorImpl.invoke(DelegatingMethodAccessorImpl.java:43)
	at java.lang.reflect.Method.invoke(Method.java:606)
	at org.junit.internal.runners.MethodRoadie.runBefores(MethodRoadie.java:122)
	at org.junit.internal.runners.MethodRoadie.runBeforesThenTestThenAfters(MethodRoadie.java:86)
	at org.junit.internal.runners.MethodRoadie.runTest(MethodRoadie.java:77)
	at org.junit.internal.runners.MethodRoadie.run(MethodRoadie.java:42)
	at org.junit.internal.runners.JUnit4ClassRunner.invokeTestMethod(JUnit4ClassRunner.java:88)
	at org.junit.internal.runners.JUnit4ClassRunner.runMethods(JUnit4ClassRunner.java:51)
	at org.junit.internal.runners.JUnit4ClassRunner$1.run(JUnit4ClassRunner.java:44)
	at org.junit.internal.runners.ClassRoadie.runUnprotected(ClassRoadie.java:27)
	at org.junit.internal.runners.ClassRoadie.runProtected(ClassRoadie.java:37)
	at org.junit.internal.runners.JUnit4ClassRunner.run(JUnit4ClassRunner.java:42)
	at org.apache.maven.surefire.junit4.JUnit4TestSet.execute(JUnit4TestSet.java:53)
	at org.apache.maven.surefire.junit4.JUnit4Provider.executeTestSet(JUnit4Provider.java:123)
	at org.apache.maven.surefire.junit4.JUnit4Provider.invoke(JUnit4Provider.java:104)
	at sun.reflect.NativeMethodAccessorImpl.invoke0(Native Method)
	at sun.reflect.NativeMethodAccessorImpl.invoke(NativeMethodAccessorImpl.java:57)
	at sun.reflect.DelegatingMethodAccessorImpl.invoke(DelegatingMethodAccessorImpl.java:43)
	at java.lang.reflect.Method.invoke(Method.java:606)
	at org.apache.maven.surefire.util.ReflectionUtils.invokeMethodWithArray(ReflectionUtils.java:164)
	at org.apache.maven.surefire.booter.ProviderFactory$ProviderProxy.invoke(ProviderFactory.java:110)
	at org.apache.maven.surefire.booter.SurefireStarter.invokeProvider(SurefireStarter.java:175)
	at org.apache.maven.surefire.booter.SurefireStarter.runSuitesInProcessWhenForked(SurefireStarter.java:107)
	at org.apache.maven.surefire.booter.ForkedBooter.main(ForkedBooter.java:68)
</error>
    <system-err>Ago 16, 2015 2:50:07 PM org.glassfish.ejb.embedded.EJBContainerProviderImpl getValidFile
Advertência: EJB6008:Specified or calculated application server instance [/home/senaga/.m2/repository/org/glassfish/main/extras/glassfish-embedded-all/domains/domain1] does not exist.
Ago 16, 2015 2:50:07 PM com.sun.enterprise.security.ssl.impl.SecuritySupportImpl checkCertificateDates
Grave: SEC5054: Certificate has expired: [
[
  Version: V3
  Subject: CN=GTE CyberTrust Root 5, OU=&quot;GTE CyberTrust Solutions, Inc.&quot;, O=GTE Corporation, C=US
  Signature Algorithm: SHA1withRSA, OID = 1.2.840.113549.1.1.5

  Key:  Sun RSA public key, 2048 bits
  modulus: 23741889829347261660812437366387754385443431973861114865490414153884050331745811968523116847625570146592736935209718565296053386842135985534863157983128812774162998053673746470782252407673402238146869994438729551246768368782318393878374421033907597162218758024581735139682087126982809511479059100617027892880227587855877479432885604404402435662802390484099065871430585284534529627347717530352189612077130606642676951640071336717026459037542552927905851171460589361570392199748753414855675665635003335769915908187224347232807336022456537328962095005323382940080676931822787496212635993279098588863972868266229522169377
  public exponent: 65537
  Validity: [From: Fri Aug 14 11:50:00 BRT 1998,
               To: Wed Aug 14 20:59:00 BRT 2013]
  Issuer: CN=GTE CyberTrust Root 5, OU=&quot;GTE CyberTrust Solutions, Inc.&quot;, O=GTE Corporation, C=US
  SerialNumber: [    01b6]

Certificate Extensions: 4
[1]: ObjectId: 2.5.29.19 Criticality=true
BasicConstraints:[
  CA:true
  PathLen:5
]

[2]: ObjectId: 2.5.29.32 Criticality=false
CertificatePolicies [
  [CertificatePolicyId: [1.2.840.113763.1.2.1.3]
[]  ]
]

[3]: ObjectId: 2.5.29.15 Criticality=true
KeyUsage [
  Key_CertSign
  Crl_Sign
]

[4]: ObjectId: 2.5.29.14 Criticality=false
SubjectKeyIdentifier [
KeyIdentifier [
0000: 76 0A 49 21 38 4C 9F DE   F8 C4 49 C7 71 71 91 9D  v.I!8L....I.qq..
]
]

]
  Algorithm: [SHA1withRSA]
  Signature:
0000: 41 3A D4 18 5B DA B8 DE   21 1C E1 8E 09 E5 F1 68  A:..[...!......h
0010: 34 FF DE 96 F4 07 F5 A7   3C F3 AC 4A B1 9B FA 92  4.......&lt;..J....
0020: FA 9B ED E6 32 21 AA 4A   76 C5 DC 4F 38 E5 DF D5  ....2!.Jv..O8...
0030: 86 E4 D5 C8 76 7D 98 D7   B1 CD 8F 4D B5 91 23 6C  ....v......M..#l
0040: 8B 8A EB EA 7C EF 14 94   C4 C6 F0 1F 4A 2D 32 71  ............J-2q
0050: 63 2B 63 91 26 02 09 B6   80 1D ED E2 CC B8 7F DB  c+c.&amp;...........
0060: 87 63 C8 E1 D0 6C 26 B1   35 1D 40 66 10 1B CD 95  .c...l&amp;.5.@f....
0070: 54 18 33 61 EC 13 4F DA   13 F7 99 AF 3E D0 CF 8E  T.3a..O.....&gt;...
0080: A6 72 A2 B3 C3 05 9A C9   27 7D 92 CC 7E 52 8D B3  .r......&apos;....R..
0090: AB 70 6D 9E 89 9F 4D EB   1A 75 C2 98 AA D5 02 16  .pm...M..u......
00A0: D7 0C 8A BF 25 E4 EB 2D   BC 98 E9 58 38 19 7C B9  ....%..-...X8...
00B0: 37 FE DB E2 99 08 73 06   C7 97 83 6A 7D 10 01 2F  7.....s....j.../
00C0: 32 B9 17 05 4A 65 E6 2F   CE BE 5E 53 A6 82 E9 9A  2...Je./..^S....
00D0: 53 0A 84 74 2D 83 CA C8   94 16 76 5F 94 61 28 F0  S..t-.....v_.a(.
00E0: 85 A7 39 BB D7 8B D9 A8   B2 13 1D 54 09 34 24 7D  ..9........T.4$.
00F0: 20 81 7D 66 7E A2 90 74   5C 10 C6 BD EC AB 1B C2   ..f...t\.......

]
Ago 16, 2015 2:50:07 PM com.sun.enterprise.v3.services.impl.GrizzlyService createNetworkProxy
Informações: Network listener http-listener on port 0 disabled per domain.xml
Ago 16, 2015 2:50:07 PM com.sun.enterprise.v3.services.impl.GrizzlyService createNetworkProxy
Informações: Network listener https-listener on port 0 disabled per domain.xml
Ago 16, 2015 2:50:07 PM com.sun.enterprise.v3.server.AppServerStartup run
Informações: GlassFish Server Open Source Edition 3.1.2 (java_re-private) startup time : Embedded (18ms), startup services(33ms), total(51ms)
Ago 16, 2015 2:50:07 PM org.glassfish.admin.mbeanserver.JMXStartupService$JMXConnectorsStarterThread run
Informações: JMX006: JMXStartupService had disabled JMXConnector system
Ago 16, 2015 2:50:07 PM org.glassfish.ejb.embedded.EJBContainerProviderImpl skipJar
Informações: ... skipping entry with a Manifest file with a special attribute: glassfish-embedded-all-3.1.2.jar
Ago 16, 2015 2:50:07 PM org.glassfish.ejb.embedded.DeploymentElement getOrCreateApplication
Informações: [DeploymentElement] adding EJB module to ScatteredArchive classes
Ago 16, 2015 2:50:07 PM org.glassfish.ejb.embedded.DeploymentElement getOrCreateApplication
Informações: [DeploymentElement] adding library to ScatteredArchive javax.mail-1.5.0.jar
Ago 16, 2015 2:50:07 PM org.glassfish.ejb.embedded.DeploymentElement getOrCreateApplication
Informações: [DeploymentElement] adding library to ScatteredArchive javaee-api-7.0.jar
Ago 16, 2015 2:50:07 PM org.glassfish.ejb.embedded.DeploymentElement getOrCreateApplication
Informações: [DeploymentElement] adding library to ScatteredArchive activation-1.1.jar
Ago 16, 2015 2:50:07 PM org.glassfish.ejb.embedded.DeploymentElement getOrCreateApplication
Informações: [DeploymentElement] adding library to ScatteredArchive junit-4.4.jar
Ago 16, 2015 2:50:07 PM org.glassfish.ejb.embedded.DeploymentElement getOrCreateApplication
Informações: [DeploymentElement] adding library to ScatteredArchive test-classes
Ago 16, 2015 2:50:07 PM org.glassfish.ejb.embedded.EJBContainerImpl deploy
Informações: [EJBContainerImpl] Deploying app: org.glassfish.embeddable.archive.ScatteredArchive@7525b5
Ago 16, 2015 2:50:09 PM com.sun.ejb.containers.EjbContainerUtilImpl createThreadPoolExecutor
Informações: Created EjbThreadPoolExecutor with thread-core-pool-size 16 thread-max-pool-size 32 thread-keep-alive-seconds 60 thread-queue-capacity 2147483647 allow-core-thread-timeout false 
Ago 16, 2015 2:50:09 PM com.sun.enterprise.security.SecurityLifecycle &lt;init&gt;
Informações: SEC1002: Security Manager is OFF.
Ago 16, 2015 2:50:09 PM com.sun.enterprise.security.SecurityLifecycle onInitialization
Informações: SEC1010: Entering Security Startup Service
Ago 16, 2015 2:50:09 PM com.sun.enterprise.security.SecurityLifecycle onInitialization
Informações: SEC1011: Security Service(s) Started Successfully
Ago 16, 2015 2:50:10 PM org.glassfish.api.ActionReport failure
Grave: Exception while invoking class org.glassfish.persistence.jpa.JPADeployer prepare method
Ago 16, 2015 2:50:10 PM org.glassfish.api.ActionReport failure
Grave: Exception while preparing the app
Ago 16, 2015 2:50:10 PM com.sun.enterprise.v3.server.ApplicationLifecycle deploy
Grave: Invalid resource : jdbc/odontoeepool__pm
java.lang.RuntimeException: Invalid resource : jdbc/odontoeepool__pm
	at com.sun.enterprise.connectors.ConnectorRuntime.lookupDataSourceInDAS(ConnectorRuntime.java:540)
	at com.sun.enterprise.connectors.ConnectorRuntime.lookupPMResource(ConnectorRuntime.java:469)
	at org.glassfish.persistence.common.PersistenceHelper.lookupPMResource(PersistenceHelper.java:63)
	at org.glassfish.persistence.jpa.ProviderContainerContractInfoBase.lookupDataSource(ProviderContainerContractInfoBase.java:71)
	at org.glassfish.persistence.jpa.PersistenceUnitInfoImpl.&lt;init&gt;(PersistenceUnitInfoImpl.java:108)
	at org.glassfish.persistence.jpa.PersistenceUnitLoader.loadPU(PersistenceUnitLoader.java:155)
	at org.glassfish.persistence.jpa.PersistenceUnitLoader.&lt;init&gt;(PersistenceUnitLoader.java:120)
	at org.glassfish.persistence.jpa.JPADeployer$1.visitPUD(JPADeployer.java:224)
	at org.glassfish.persistence.jpa.JPADeployer$PersistenceUnitDescriptorIterator.iteratePUDs(JPADeployer.java:495)
	at org.glassfish.persistence.jpa.JPADeployer.createEMFs(JPADeployer.java:233)
	at org.glassfish.persistence.jpa.JPADeployer.prepare(JPADeployer.java:168)
	at com.sun.enterprise.v3.server.ApplicationLifecycle.prepareModule(ApplicationLifecycle.java:871)
	at com.sun.enterprise.v3.server.ApplicationLifecycle.deploy(ApplicationLifecycle.java:410)
	at com.sun.enterprise.v3.server.ApplicationLifecycle.deploy(ApplicationLifecycle.java:240)
	at org.glassfish.deployment.admin.DeployCommand.execute(DeployCommand.java:389)
	at com.sun.enterprise.v3.admin.CommandRunnerImpl$1.execute(CommandRunnerImpl.java:348)
	at com.sun.enterprise.v3.admin.CommandRunnerImpl.doCommand(CommandRunnerImpl.java:363)
	at com.sun.enterprise.v3.admin.CommandRunnerImpl.doCommand(CommandRunnerImpl.java:1085)
	at com.sun.enterprise.v3.admin.CommandRunnerImpl.access$1200(CommandRunnerImpl.java:95)
	at com.sun.enterprise.v3.admin.CommandRunnerImpl$ExecutionContext.execute(CommandRunnerImpl.java:1291)
	at com.sun.enterprise.v3.admin.CommandRunnerImpl$ExecutionContext.execute(CommandRunnerImpl.java:1259)
	at com.sun.enterprise.admin.cli.embeddable.DeployerImpl.deploy(DeployerImpl.java:129)
	at com.sun.enterprise.admin.cli.embeddable.DeployerImpl.deploy(DeployerImpl.java:105)
	at org.glassfish.ejb.embedded.EJBContainerImpl.deploy(EJBContainerImpl.java:140)
	at org.glassfish.ejb.embedded.EJBContainerProviderImpl.createEJBContainer(EJBContainerProviderImpl.java:134)
	at javax.ejb.embeddable.EJBContainer.createEJBContainer(EJBContainer.java:127)
	at javax.ejb.embeddable.EJBContainer.createEJBContainer(EJBContainer.java:102)
	at br.com.devmedia.consultorioee.service.ServiceServiceTest.setUp(ServiceServiceTest.java:41)
	at sun.reflect.NativeMethodAccessorImpl.invoke0(Native Method)
	at sun.reflect.NativeMethodAccessorImpl.invoke(NativeMethodAccessorImpl.java:57)
	at sun.reflect.DelegatingMethodAccessorImpl.invoke(DelegatingMethodAccessorImpl.java:43)
	at java.lang.reflect.Method.invoke(Method.java:606)
	at org.junit.internal.runners.MethodRoadie.runBefores(MethodRoadie.java:122)
	at org.junit.internal.runners.MethodRoadie.runBeforesThenTestThenAfters(MethodRoadie.java:86)
	at org.junit.internal.runners.MethodRoadie.runTest(MethodRoadie.java:77)
	at org.junit.internal.runners.MethodRoadie.run(MethodRoadie.java:42)
	at org.junit.internal.runners.JUnit4ClassRunner.invokeTestMethod(JUnit4ClassRunner.java:88)
	at org.junit.internal.runners.JUnit4ClassRunner.runMethods(JUnit4ClassRunner.java:51)
	at org.junit.internal.runners.JUnit4ClassRunner$1.run(JUnit4ClassRunner.java:44)
	at org.junit.internal.runners.ClassRoadie.runUnprotected(ClassRoadie.java:27)
	at org.junit.internal.runners.ClassRoadie.runProtected(ClassRoadie.java:37)
	at org.junit.internal.runners.JUnit4ClassRunner.run(JUnit4ClassRunner.java:42)
	at org.apache.maven.surefire.junit4.JUnit4TestSet.execute(JUnit4TestSet.java:53)
	at org.apache.maven.surefire.junit4.JUnit4Provider.executeTestSet(JUnit4Provider.java:123)
	at org.apache.maven.surefire.junit4.JUnit4Provider.invoke(JUnit4Provider.java:104)
	at sun.reflect.NativeMethodAccessorImpl.invoke0(Native Method)
	at sun.reflect.NativeMethodAccessorImpl.invoke(NativeMethodAccessorImpl.java:57)
	at sun.reflect.DelegatingMethodAccessorImpl.invoke(DelegatingMethodAccessorImpl.java:43)
	at java.lang.reflect.Method.invoke(Method.java:606)
	at org.apache.maven.surefire.util.ReflectionUtils.invokeMethodWithArray(ReflectionUtils.java:164)
	at org.apache.maven.surefire.booter.ProviderFactory$ProviderProxy.invoke(ProviderFactory.java:110)
	at org.apache.maven.surefire.booter.SurefireStarter.invokeProvider(SurefireStarter.java:175)
	at org.apache.maven.surefire.booter.SurefireStarter.runSuitesInProcessWhenForked(SurefireStarter.java:107)
	at org.apache.maven.surefire.booter.ForkedBooter.main(ForkedBooter.java:68)
Caused by: com.sun.appserv.connectors.internal.api.ConnectorRuntimeException: Invalid resource : jdbc/odontoeepool__pm
	at com.sun.enterprise.connectors.service.ConnectorResourceAdminServiceImpl$MyDataSource.validateResource(ConnectorResourceAdminServiceImpl.java:274)
	at com.sun.enterprise.connectors.service.ConnectorResourceAdminServiceImpl$MyDataSource.setResourceInfo(ConnectorResourceAdminServiceImpl.java:255)
	at com.sun.enterprise.connectors.service.ConnectorResourceAdminServiceImpl.lookupDataSourceInDAS(ConnectorResourceAdminServiceImpl.java:245)
	at com.sun.enterprise.connectors.ConnectorRuntime.lookupDataSourceInDAS(ConnectorRuntime.java:538)
	... 53 more

Ago 16, 2015 2:50:10 PM org.glassfish.deployment.admin.DeployCommand execute
Grave: Exception while preparing the app : Invalid resource : jdbc/odontoeepool__pm
com.sun.appserv.connectors.internal.api.ConnectorRuntimeException: Invalid resource : jdbc/odontoeepool__pm
	at com.sun.enterprise.connectors.service.ConnectorResourceAdminServiceImpl$MyDataSource.validateResource(ConnectorResourceAdminServiceImpl.java:274)
	at com.sun.enterprise.connectors.service.ConnectorResourceAdminServiceImpl$MyDataSource.setResourceInfo(ConnectorResourceAdminServiceImpl.java:255)
	at com.sun.enterprise.connectors.service.ConnectorResourceAdminServiceImpl.lookupDataSourceInDAS(ConnectorResourceAdminServiceImpl.java:245)
	at com.sun.enterprise.connectors.ConnectorRuntime.lookupDataSourceInDAS(ConnectorRuntime.java:538)
	at com.sun.enterprise.connectors.ConnectorRuntime.lookupPMResource(ConnectorRuntime.java:469)
	at org.glassfish.persistence.common.PersistenceHelper.lookupPMResource(PersistenceHelper.java:63)
	at org.glassfish.persistence.jpa.ProviderContainerContractInfoBase.lookupDataSource(ProviderContainerContractInfoBase.java:71)
	at org.glassfish.persistence.jpa.PersistenceUnitInfoImpl.&lt;init&gt;(PersistenceUnitInfoImpl.java:108)
	at org.glassfish.persistence.jpa.PersistenceUnitLoader.loadPU(PersistenceUnitLoader.java:155)
	at org.glassfish.persistence.jpa.PersistenceUnitLoader.&lt;init&gt;(PersistenceUnitLoader.java:120)
	at org.glassfish.persistence.jpa.JPADeployer$1.visitPUD(JPADeployer.java:224)
	at org.glassfish.persistence.jpa.JPADeployer$PersistenceUnitDescriptorIterator.iteratePUDs(JPADeployer.java:495)
	at org.glassfish.persistence.jpa.JPADeployer.createEMFs(JPADeployer.java:233)
	at org.glassfish.persistence.jpa.JPADeployer.prepare(JPADeployer.java:168)
	at com.sun.enterprise.v3.server.ApplicationLifecycle.prepareModule(ApplicationLifecycle.java:871)
	at com.sun.enterprise.v3.server.ApplicationLifecycle.deploy(ApplicationLifecycle.java:410)
	at com.sun.enterprise.v3.server.ApplicationLifecycle.deploy(ApplicationLifecycle.java:240)
	at org.glassfish.deployment.admin.DeployCommand.execute(DeployCommand.java:389)
	at com.sun.enterprise.v3.admin.CommandRunnerImpl$1.execute(CommandRunnerImpl.java:348)
	at com.sun.enterprise.v3.admin.CommandRunnerImpl.doCommand(CommandRunnerImpl.java:363)
	at com.sun.enterprise.v3.admin.CommandRunnerImpl.doCommand(CommandRunnerImpl.java:1085)
	at com.sun.enterprise.v3.admin.CommandRunnerImpl.access$1200(CommandRunnerImpl.java:95)
	at com.sun.enterprise.v3.admin.CommandRunnerImpl$ExecutionContext.execute(CommandRunnerImpl.java:1291)
	at com.sun.enterprise.v3.admin.CommandRunnerImpl$ExecutionContext.execute(CommandRunnerImpl.java:1259)
	at com.sun.enterprise.admin.cli.embeddable.DeployerImpl.deploy(DeployerImpl.java:129)
	at com.sun.enterprise.admin.cli.embeddable.DeployerImpl.deploy(DeployerImpl.java:105)
	at org.glassfish.ejb.embedded.EJBContainerImpl.deploy(EJBContainerImpl.java:140)
	at org.glassfish.ejb.embedded.EJBContainerProviderImpl.createEJBContainer(EJBContainerProviderImpl.java:134)
	at javax.ejb.embeddable.EJBContainer.createEJBContainer(EJBContainer.java:127)
	at javax.ejb.embeddable.EJBContainer.createEJBContainer(EJBContainer.java:102)
	at br.com.devmedia.consultorioee.service.ServiceServiceTest.setUp(ServiceServiceTest.java:41)
	at sun.reflect.NativeMethodAccessorImpl.invoke0(Native Method)
	at sun.reflect.NativeMethodAccessorImpl.invoke(NativeMethodAccessorImpl.java:57)
	at sun.reflect.DelegatingMethodAccessorImpl.invoke(DelegatingMethodAccessorImpl.java:43)
	at java.lang.reflect.Method.invoke(Method.java:606)
	at org.junit.internal.runners.MethodRoadie.runBefores(MethodRoadie.java:122)
	at org.junit.internal.runners.MethodRoadie.runBeforesThenTestThenAfters(MethodRoadie.java:86)
	at org.junit.internal.runners.MethodRoadie.runTest(MethodRoadie.java:77)
	at org.junit.internal.runners.MethodRoadie.run(MethodRoadie.java:42)
	at org.junit.internal.runners.JUnit4ClassRunner.invokeTestMethod(JUnit4ClassRunner.java:88)
	at org.junit.internal.runners.JUnit4ClassRunner.runMethods(JUnit4ClassRunner.java:51)
	at org.junit.internal.runners.JUnit4ClassRunner$1.run(JUnit4ClassRunner.java:44)
	at org.junit.internal.runners.ClassRoadie.runUnprotected(ClassRoadie.java:27)
	at org.junit.internal.runners.ClassRoadie.runProtected(ClassRoadie.java:37)
	at org.junit.internal.runners.JUnit4ClassRunner.run(JUnit4ClassRunner.java:42)
	at org.apache.maven.surefire.junit4.JUnit4TestSet.execute(JUnit4TestSet.java:53)
	at org.apache.maven.surefire.junit4.JUnit4Provider.executeTestSet(JUnit4Provider.java:123)
	at org.apache.maven.surefire.junit4.JUnit4Provider.invoke(JUnit4Provider.java:104)
	at sun.reflect.NativeMethodAccessorImpl.invoke0(Native Method)
	at sun.reflect.NativeMethodAccessorImpl.invoke(NativeMethodAccessorImpl.java:57)
	at sun.reflect.DelegatingMethodAccessorImpl.invoke(DelegatingMethodAccessorImpl.java:43)
	at java.lang.reflect.Method.invoke(Method.java:606)
	at org.apache.maven.surefire.util.ReflectionUtils.invokeMethodWithArray(ReflectionUtils.java:164)
	at org.apache.maven.surefire.booter.ProviderFactory$ProviderProxy.invoke(ProviderFactory.java:110)
	at org.apache.maven.surefire.booter.SurefireStarter.invokeProvider(SurefireStarter.java:175)
	at org.apache.maven.surefire.booter.SurefireStarter.runSuitesInProcessWhenForked(SurefireStarter.java:107)
	at org.apache.maven.surefire.booter.ForkedBooter.main(ForkedBooter.java:68)

Ago 16, 2015 2:50:10 PM org.glassfish.ejb.embedded.EJBContainerProviderImpl createEJBContainer
Informações: [EJBContainerProviderImpl] Cleaning up on failure ...
Ago 16, 2015 2:50:10 PM org.glassfish.admin.mbeanserver.JMXStartupService shutdown
Informações: JMX001: JMXStartupService and JMXConnectors have been shut down.
Ago 16, 2015 2:50:10 PM com.sun.enterprise.v3.server.AppServerStartup stop
Informações: Shutdown procedure finished
Ago 16, 2015 2:50:10 PM AppServerStartup run
Informações: [Thread[GlassFish Kernel Main Thread,5,main]] exiting
</system-err>
  </testcase>
  <testcase time="3.084" classname="br.com.devmedia.consultorioee.service.ServiceServiceTest" name="testAddService">
    <error type="java.lang.NullPointerException">java.lang.NullPointerException
	at br.com.devmedia.consultorioee.service.ServiceServiceTest.tearDown(ServiceServiceTest.java:64)
	at sun.reflect.NativeMethodAccessorImpl.invoke0(Native Method)
	at sun.reflect.NativeMethodAccessorImpl.invoke(NativeMethodAccessorImpl.java:57)
	at sun.reflect.DelegatingMethodAccessorImpl.invoke(DelegatingMethodAccessorImpl.java:43)
	at java.lang.reflect.Method.invoke(Method.java:606)
	at org.junit.internal.runners.MethodRoadie.runAfters(MethodRoadie.java:138)
	at org.junit.internal.runners.MethodRoadie.runBeforesThenTestThenAfters(MethodRoadie.java:92)
	at org.junit.internal.runners.MethodRoadie.runTest(MethodRoadie.java:77)
	at org.junit.internal.runners.MethodRoadie.run(MethodRoadie.java:42)
	at org.junit.internal.runners.JUnit4ClassRunner.invokeTestMethod(JUnit4ClassRunner.java:88)
	at org.junit.internal.runners.JUnit4ClassRunner.runMethods(JUnit4ClassRunner.java:51)
	at org.junit.internal.runners.JUnit4ClassRunner$1.run(JUnit4ClassRunner.java:44)
	at org.junit.internal.runners.ClassRoadie.runUnprotected(ClassRoadie.java:27)
	at org.junit.internal.runners.ClassRoadie.runProtected(ClassRoadie.java:37)
	at org.junit.internal.runners.JUnit4ClassRunner.run(JUnit4ClassRunner.java:42)
	at org.apache.maven.surefire.junit4.JUnit4TestSet.execute(JUnit4TestSet.java:53)
	at org.apache.maven.surefire.junit4.JUnit4Provider.executeTestSet(JUnit4Provider.java:123)
	at org.apache.maven.surefire.junit4.JUnit4Provider.invoke(JUnit4Provider.java:104)
	at sun.reflect.NativeMethodAccessorImpl.invoke0(Native Method)
	at sun.reflect.NativeMethodAccessorImpl.invoke(NativeMethodAccessorImpl.java:57)
	at sun.reflect.DelegatingMethodAccessorImpl.invoke(DelegatingMethodAccessorImpl.java:43)
	at java.lang.reflect.Method.invoke(Method.java:606)
	at org.apache.maven.surefire.util.ReflectionUtils.invokeMethodWithArray(ReflectionUtils.java:164)
	at org.apache.maven.surefire.booter.ProviderFactory$ProviderProxy.invoke(ProviderFactory.java:110)
	at org.apache.maven.surefire.booter.SurefireStarter.invokeProvider(SurefireStarter.java:175)
	at org.apache.maven.surefire.booter.SurefireStarter.runSuitesInProcessWhenForked(SurefireStarter.java:107)
	at org.apache.maven.surefire.booter.ForkedBooter.main(ForkedBooter.java:68)
</error>
  </testcase>
  <testcase time="3.33" classname="br.com.devmedia.consultorioee.service.ServiceServiceTest" name="testSetService">
    <error message="Failed to deploy EJB modules - see log for details" type="javax.ejb.EJBException">javax.ejb.EJBException: Failed to deploy EJB modules - see log for details
	at org.glassfish.ejb.embedded.EJBContainerImpl.deploy(EJBContainerImpl.java:150)
	at org.glassfish.ejb.embedded.EJBContainerProviderImpl.createEJBContainer(EJBContainerProviderImpl.java:134)
	at javax.ejb.embeddable.EJBContainer.createEJBContainer(EJBContainer.java:127)
	at javax.ejb.embeddable.EJBContainer.createEJBContainer(EJBContainer.java:102)
	at br.com.devmedia.consultorioee.service.ServiceServiceTest.setUp(ServiceServiceTest.java:41)
	at sun.reflect.NativeMethodAccessorImpl.invoke0(Native Method)
	at sun.reflect.NativeMethodAccessorImpl.invoke(NativeMethodAccessorImpl.java:57)
	at sun.reflect.DelegatingMethodAccessorImpl.invoke(DelegatingMethodAccessorImpl.java:43)
	at java.lang.reflect.Method.invoke(Method.java:606)
	at org.junit.internal.runners.MethodRoadie.runBefores(MethodRoadie.java:122)
	at org.junit.internal.runners.MethodRoadie.runBeforesThenTestThenAfters(MethodRoadie.java:86)
	at org.junit.internal.runners.MethodRoadie.runTest(MethodRoadie.java:77)
	at org.junit.internal.runners.MethodRoadie.run(MethodRoadie.java:42)
	at org.junit.internal.runners.JUnit4ClassRunner.invokeTestMethod(JUnit4ClassRunner.java:88)
	at org.junit.internal.runners.JUnit4ClassRunner.runMethods(JUnit4ClassRunner.java:51)
	at org.junit.internal.runners.JUnit4ClassRunner$1.run(JUnit4ClassRunner.java:44)
	at org.junit.internal.runners.ClassRoadie.runUnprotected(ClassRoadie.java:27)
	at org.junit.internal.runners.ClassRoadie.runProtected(ClassRoadie.java:37)
	at org.junit.internal.runners.JUnit4ClassRunner.run(JUnit4ClassRunner.java:42)
	at org.apache.maven.surefire.junit4.JUnit4TestSet.execute(JUnit4TestSet.java:53)
	at org.apache.maven.surefire.junit4.JUnit4Provider.executeTestSet(JUnit4Provider.java:123)
	at org.apache.maven.surefire.junit4.JUnit4Provider.invoke(JUnit4Provider.java:104)
	at sun.reflect.NativeMethodAccessorImpl.invoke0(Native Method)
	at sun.reflect.NativeMethodAccessorImpl.invoke(NativeMethodAccessorImpl.java:57)
	at sun.reflect.DelegatingMethodAccessorImpl.invoke(DelegatingMethodAccessorImpl.java:43)
	at java.lang.reflect.Method.invoke(Method.java:606)
	at org.apache.maven.surefire.util.ReflectionUtils.invokeMethodWithArray(ReflectionUtils.java:164)
	at org.apache.maven.surefire.booter.ProviderFactory$ProviderProxy.invoke(ProviderFactory.java:110)
	at org.apache.maven.surefire.booter.SurefireStarter.invokeProvider(SurefireStarter.java:175)
	at org.apache.maven.surefire.booter.SurefireStarter.runSuitesInProcessWhenForked(SurefireStarter.java:107)
	at org.apache.maven.surefire.booter.ForkedBooter.main(ForkedBooter.java:68)
</error>
    <system-err>Ago 16, 2015 2:50:10 PM org.glassfish.ejb.embedded.EJBContainerProviderImpl getValidFile
Advertência: EJB6008:Specified or calculated application server instance [/home/senaga/.m2/repository/org/glassfish/main/extras/glassfish-embedded-all/domains/domain1] does not exist.
Ago 16, 2015 2:50:10 PM com.sun.enterprise.security.ssl.impl.SecuritySupportImpl checkCertificateDates
Grave: SEC5054: Certificate has expired: [
[
  Version: V3
  Subject: CN=GTE CyberTrust Root 5, OU=&quot;GTE CyberTrust Solutions, Inc.&quot;, O=GTE Corporation, C=US
  Signature Algorithm: SHA1withRSA, OID = 1.2.840.113549.1.1.5

  Key:  Sun RSA public key, 2048 bits
  modulus: 23741889829347261660812437366387754385443431973861114865490414153884050331745811968523116847625570146592736935209718565296053386842135985534863157983128812774162998053673746470782252407673402238146869994438729551246768368782318393878374421033907597162218758024581735139682087126982809511479059100617027892880227587855877479432885604404402435662802390484099065871430585284534529627347717530352189612077130606642676951640071336717026459037542552927905851171460589361570392199748753414855675665635003335769915908187224347232807336022456537328962095005323382940080676931822787496212635993279098588863972868266229522169377
  public exponent: 65537
  Validity: [From: Fri Aug 14 11:50:00 BRT 1998,
               To: Wed Aug 14 20:59:00 BRT 2013]
  Issuer: CN=GTE CyberTrust Root 5, OU=&quot;GTE CyberTrust Solutions, Inc.&quot;, O=GTE Corporation, C=US
  SerialNumber: [    01b6]

Certificate Extensions: 4
[1]: ObjectId: 2.5.29.19 Criticality=true
BasicConstraints:[
  CA:true
  PathLen:5
]

[2]: ObjectId: 2.5.29.32 Criticality=false
CertificatePolicies [
  [CertificatePolicyId: [1.2.840.113763.1.2.1.3]
[]  ]
]

[3]: ObjectId: 2.5.29.15 Criticality=true
KeyUsage [
  Key_CertSign
  Crl_Sign
]

[4]: ObjectId: 2.5.29.14 Criticality=false
SubjectKeyIdentifier [
KeyIdentifier [
0000: 76 0A 49 21 38 4C 9F DE   F8 C4 49 C7 71 71 91 9D  v.I!8L....I.qq..
]
]

]
  Algorithm: [SHA1withRSA]
  Signature:
0000: 41 3A D4 18 5B DA B8 DE   21 1C E1 8E 09 E5 F1 68  A:..[...!......h
0010: 34 FF DE 96 F4 07 F5 A7   3C F3 AC 4A B1 9B FA 92  4.......&lt;..J....
0020: FA 9B ED E6 32 21 AA 4A   76 C5 DC 4F 38 E5 DF D5  ....2!.Jv..O8...
0030: 86 E4 D5 C8 76 7D 98 D7   B1 CD 8F 4D B5 91 23 6C  ....v......M..#l
0040: 8B 8A EB EA 7C EF 14 94   C4 C6 F0 1F 4A 2D 32 71  ............J-2q
0050: 63 2B 63 91 26 02 09 B6   80 1D ED E2 CC B8 7F DB  c+c.&amp;...........
0060: 87 63 C8 E1 D0 6C 26 B1   35 1D 40 66 10 1B CD 95  .c...l&amp;.5.@f....
0070: 54 18 33 61 EC 13 4F DA   13 F7 99 AF 3E D0 CF 8E  T.3a..O.....&gt;...
0080: A6 72 A2 B3 C3 05 9A C9   27 7D 92 CC 7E 52 8D B3  .r......&apos;....R..
0090: AB 70 6D 9E 89 9F 4D EB   1A 75 C2 98 AA D5 02 16  .pm...M..u......
00A0: D7 0C 8A BF 25 E4 EB 2D   BC 98 E9 58 38 19 7C B9  ....%..-...X8...
00B0: 37 FE DB E2 99 08 73 06   C7 97 83 6A 7D 10 01 2F  7.....s....j.../
00C0: 32 B9 17 05 4A 65 E6 2F   CE BE 5E 53 A6 82 E9 9A  2...Je./..^S....
00D0: 53 0A 84 74 2D 83 CA C8   94 16 76 5F 94 61 28 F0  S..t-.....v_.a(.
00E0: 85 A7 39 BB D7 8B D9 A8   B2 13 1D 54 09 34 24 7D  ..9........T.4$.
00F0: 20 81 7D 66 7E A2 90 74   5C 10 C6 BD EC AB 1B C2   ..f...t\.......

]
Ago 16, 2015 2:50:10 PM com.sun.enterprise.v3.services.impl.GrizzlyService createNetworkProxy
Informações: Network listener http-listener on port 0 disabled per domain.xml
Ago 16, 2015 2:50:10 PM com.sun.enterprise.v3.services.impl.GrizzlyService createNetworkProxy
Informações: Network listener https-listener on port 0 disabled per domain.xml
Ago 16, 2015 2:50:10 PM com.sun.enterprise.v3.server.AppServerStartup run
Informações: GlassFish Server Open Source Edition 3.1.2 (java_re-private) startup time : Embedded (17ms), startup services(32ms), total(49ms)
Ago 16, 2015 2:50:10 PM org.glassfish.admin.mbeanserver.JMXStartupService$JMXConnectorsStarterThread run
Informações: JMX006: JMXStartupService had disabled JMXConnector system
Ago 16, 2015 2:50:10 PM org.glassfish.ejb.embedded.EJBContainerProviderImpl skipJar
Informações: ... skipping entry with a Manifest file with a special attribute: glassfish-embedded-all-3.1.2.jar
Ago 16, 2015 2:50:10 PM org.glassfish.ejb.embedded.DeploymentElement getOrCreateApplication
Informações: [DeploymentElement] adding EJB module to ScatteredArchive classes
Ago 16, 2015 2:50:10 PM org.glassfish.ejb.embedded.DeploymentElement getOrCreateApplication
Informações: [DeploymentElement] adding library to ScatteredArchive activation-1.1.jar
Ago 16, 2015 2:50:10 PM org.glassfish.ejb.embedded.DeploymentElement getOrCreateApplication
Informações: [DeploymentElement] adding library to ScatteredArchive junit-4.4.jar
Ago 16, 2015 2:50:10 PM org.glassfish.ejb.embedded.DeploymentElement getOrCreateApplication
Informações: [DeploymentElement] adding library to ScatteredArchive javax.mail-1.5.0.jar
Ago 16, 2015 2:50:10 PM org.glassfish.ejb.embedded.DeploymentElement getOrCreateApplication
Informações: [DeploymentElement] adding library to ScatteredArchive javaee-api-7.0.jar
Ago 16, 2015 2:50:10 PM org.glassfish.ejb.embedded.DeploymentElement getOrCreateApplication
Informações: [DeploymentElement] adding library to ScatteredArchive test-classes
Ago 16, 2015 2:50:10 PM org.glassfish.ejb.embedded.EJBContainerImpl deploy
Informações: [EJBContainerImpl] Deploying app: org.glassfish.embeddable.archive.ScatteredArchive@ab50da
Ago 16, 2015 2:50:12 PM com.sun.ejb.containers.EjbContainerUtilImpl createThreadPoolExecutor
Informações: Created EjbThreadPoolExecutor with thread-core-pool-size 16 thread-max-pool-size 32 thread-keep-alive-seconds 60 thread-queue-capacity 2147483647 allow-core-thread-timeout false 
Ago 16, 2015 2:50:12 PM com.sun.enterprise.security.SecurityLifecycle &lt;init&gt;
Informações: SEC1002: Security Manager is OFF.
Ago 16, 2015 2:50:12 PM com.sun.enterprise.security.SecurityLifecycle onInitialization
Informações: SEC1010: Entering Security Startup Service
Ago 16, 2015 2:50:12 PM com.sun.enterprise.security.SecurityLifecycle onInitialization
Informações: SEC1011: Security Service(s) Started Successfully
Ago 16, 2015 2:50:13 PM org.glassfish.api.ActionReport failure
Grave: Exception while invoking class org.glassfish.persistence.jpa.JPADeployer prepare method
Ago 16, 2015 2:50:13 PM org.glassfish.api.ActionReport failure
Grave: Exception while preparing the app
Ago 16, 2015 2:50:13 PM com.sun.enterprise.v3.server.ApplicationLifecycle deploy
Grave: Invalid resource : jdbc/odontoeepool__pm
java.lang.RuntimeException: Invalid resource : jdbc/odontoeepool__pm
	at com.sun.enterprise.connectors.ConnectorRuntime.lookupDataSourceInDAS(ConnectorRuntime.java:540)
	at com.sun.enterprise.connectors.ConnectorRuntime.lookupPMResource(ConnectorRuntime.java:469)
	at org.glassfish.persistence.common.PersistenceHelper.lookupPMResource(PersistenceHelper.java:63)
	at org.glassfish.persistence.jpa.ProviderContainerContractInfoBase.lookupDataSource(ProviderContainerContractInfoBase.java:71)
	at org.glassfish.persistence.jpa.PersistenceUnitInfoImpl.&lt;init&gt;(PersistenceUnitInfoImpl.java:108)
	at org.glassfish.persistence.jpa.PersistenceUnitLoader.loadPU(PersistenceUnitLoader.java:155)
	at org.glassfish.persistence.jpa.PersistenceUnitLoader.&lt;init&gt;(PersistenceUnitLoader.java:120)
	at org.glassfish.persistence.jpa.JPADeployer$1.visitPUD(JPADeployer.java:224)
	at org.glassfish.persistence.jpa.JPADeployer$PersistenceUnitDescriptorIterator.iteratePUDs(JPADeployer.java:495)
	at org.glassfish.persistence.jpa.JPADeployer.createEMFs(JPADeployer.java:233)
	at org.glassfish.persistence.jpa.JPADeployer.prepare(JPADeployer.java:168)
	at com.sun.enterprise.v3.server.ApplicationLifecycle.prepareModule(ApplicationLifecycle.java:871)
	at com.sun.enterprise.v3.server.ApplicationLifecycle.deploy(ApplicationLifecycle.java:410)
	at com.sun.enterprise.v3.server.ApplicationLifecycle.deploy(ApplicationLifecycle.java:240)
	at org.glassfish.deployment.admin.DeployCommand.execute(DeployCommand.java:389)
	at com.sun.enterprise.v3.admin.CommandRunnerImpl$1.execute(CommandRunnerImpl.java:348)
	at com.sun.enterprise.v3.admin.CommandRunnerImpl.doCommand(CommandRunnerImpl.java:363)
	at com.sun.enterprise.v3.admin.CommandRunnerImpl.doCommand(CommandRunnerImpl.java:1085)
	at com.sun.enterprise.v3.admin.CommandRunnerImpl.access$1200(CommandRunnerImpl.java:95)
	at com.sun.enterprise.v3.admin.CommandRunnerImpl$ExecutionContext.execute(CommandRunnerImpl.java:1291)
	at com.sun.enterprise.v3.admin.CommandRunnerImpl$ExecutionContext.execute(CommandRunnerImpl.java:1259)
	at com.sun.enterprise.admin.cli.embeddable.DeployerImpl.deploy(DeployerImpl.java:129)
	at com.sun.enterprise.admin.cli.embeddable.DeployerImpl.deploy(DeployerImpl.java:105)
	at org.glassfish.ejb.embedded.EJBContainerImpl.deploy(EJBContainerImpl.java:140)
	at org.glassfish.ejb.embedded.EJBContainerProviderImpl.createEJBContainer(EJBContainerProviderImpl.java:134)
	at javax.ejb.embeddable.EJBContainer.createEJBContainer(EJBContainer.java:127)
	at javax.ejb.embeddable.EJBContainer.createEJBContainer(EJBContainer.java:102)
	at br.com.devmedia.consultorioee.service.ServiceServiceTest.setUp(ServiceServiceTest.java:41)
	at sun.reflect.NativeMethodAccessorImpl.invoke0(Native Method)
	at sun.reflect.NativeMethodAccessorImpl.invoke(NativeMethodAccessorImpl.java:57)
	at sun.reflect.DelegatingMethodAccessorImpl.invoke(DelegatingMethodAccessorImpl.java:43)
	at java.lang.reflect.Method.invoke(Method.java:606)
	at org.junit.internal.runners.MethodRoadie.runBefores(MethodRoadie.java:122)
	at org.junit.internal.runners.MethodRoadie.runBeforesThenTestThenAfters(MethodRoadie.java:86)
	at org.junit.internal.runners.MethodRoadie.runTest(MethodRoadie.java:77)
	at org.junit.internal.runners.MethodRoadie.run(MethodRoadie.java:42)
	at org.junit.internal.runners.JUnit4ClassRunner.invokeTestMethod(JUnit4ClassRunner.java:88)
	at org.junit.internal.runners.JUnit4ClassRunner.runMethods(JUnit4ClassRunner.java:51)
	at org.junit.internal.runners.JUnit4ClassRunner$1.run(JUnit4ClassRunner.java:44)
	at org.junit.internal.runners.ClassRoadie.runUnprotected(ClassRoadie.java:27)
	at org.junit.internal.runners.ClassRoadie.runProtected(ClassRoadie.java:37)
	at org.junit.internal.runners.JUnit4ClassRunner.run(JUnit4ClassRunner.java:42)
	at org.apache.maven.surefire.junit4.JUnit4TestSet.execute(JUnit4TestSet.java:53)
	at org.apache.maven.surefire.junit4.JUnit4Provider.executeTestSet(JUnit4Provider.java:123)
	at org.apache.maven.surefire.junit4.JUnit4Provider.invoke(JUnit4Provider.java:104)
	at sun.reflect.NativeMethodAccessorImpl.invoke0(Native Method)
	at sun.reflect.NativeMethodAccessorImpl.invoke(NativeMethodAccessorImpl.java:57)
	at sun.reflect.DelegatingMethodAccessorImpl.invoke(DelegatingMethodAccessorImpl.java:43)
	at java.lang.reflect.Method.invoke(Method.java:606)
	at org.apache.maven.surefire.util.ReflectionUtils.invokeMethodWithArray(ReflectionUtils.java:164)
	at org.apache.maven.surefire.booter.ProviderFactory$ProviderProxy.invoke(ProviderFactory.java:110)
	at org.apache.maven.surefire.booter.SurefireStarter.invokeProvider(SurefireStarter.java:175)
	at org.apache.maven.surefire.booter.SurefireStarter.runSuitesInProcessWhenForked(SurefireStarter.java:107)
	at org.apache.maven.surefire.booter.ForkedBooter.main(ForkedBooter.java:68)
Caused by: com.sun.appserv.connectors.internal.api.ConnectorRuntimeException: Invalid resource : jdbc/odontoeepool__pm
	at com.sun.enterprise.connectors.service.ConnectorResourceAdminServiceImpl$MyDataSource.validateResource(ConnectorResourceAdminServiceImpl.java:274)
	at com.sun.enterprise.connectors.service.ConnectorResourceAdminServiceImpl$MyDataSource.setResourceInfo(ConnectorResourceAdminServiceImpl.java:255)
	at com.sun.enterprise.connectors.service.ConnectorResourceAdminServiceImpl.lookupDataSourceInDAS(ConnectorResourceAdminServiceImpl.java:245)
	at com.sun.enterprise.connectors.ConnectorRuntime.lookupDataSourceInDAS(ConnectorRuntime.java:538)
	... 53 more

Ago 16, 2015 2:50:13 PM org.glassfish.deployment.admin.DeployCommand execute
Grave: Exception while preparing the app : Invalid resource : jdbc/odontoeepool__pm
com.sun.appserv.connectors.internal.api.ConnectorRuntimeException: Invalid resource : jdbc/odontoeepool__pm
	at com.sun.enterprise.connectors.service.ConnectorResourceAdminServiceImpl$MyDataSource.validateResource(ConnectorResourceAdminServiceImpl.java:274)
	at com.sun.enterprise.connectors.service.ConnectorResourceAdminServiceImpl$MyDataSource.setResourceInfo(ConnectorResourceAdminServiceImpl.java:255)
	at com.sun.enterprise.connectors.service.ConnectorResourceAdminServiceImpl.lookupDataSourceInDAS(ConnectorResourceAdminServiceImpl.java:245)
	at com.sun.enterprise.connectors.ConnectorRuntime.lookupDataSourceInDAS(ConnectorRuntime.java:538)
	at com.sun.enterprise.connectors.ConnectorRuntime.lookupPMResource(ConnectorRuntime.java:469)
	at org.glassfish.persistence.common.PersistenceHelper.lookupPMResource(PersistenceHelper.java:63)
	at org.glassfish.persistence.jpa.ProviderContainerContractInfoBase.lookupDataSource(ProviderContainerContractInfoBase.java:71)
	at org.glassfish.persistence.jpa.PersistenceUnitInfoImpl.&lt;init&gt;(PersistenceUnitInfoImpl.java:108)
	at org.glassfish.persistence.jpa.PersistenceUnitLoader.loadPU(PersistenceUnitLoader.java:155)
	at org.glassfish.persistence.jpa.PersistenceUnitLoader.&lt;init&gt;(PersistenceUnitLoader.java:120)
	at org.glassfish.persistence.jpa.JPADeployer$1.visitPUD(JPADeployer.java:224)
	at org.glassfish.persistence.jpa.JPADeployer$PersistenceUnitDescriptorIterator.iteratePUDs(JPADeployer.java:495)
	at org.glassfish.persistence.jpa.JPADeployer.createEMFs(JPADeployer.java:233)
	at org.glassfish.persistence.jpa.JPADeployer.prepare(JPADeployer.java:168)
	at com.sun.enterprise.v3.server.ApplicationLifecycle.prepareModule(ApplicationLifecycle.java:871)
	at com.sun.enterprise.v3.server.ApplicationLifecycle.deploy(ApplicationLifecycle.java:410)
	at com.sun.enterprise.v3.server.ApplicationLifecycle.deploy(ApplicationLifecycle.java:240)
	at org.glassfish.deployment.admin.DeployCommand.execute(DeployCommand.java:389)
	at com.sun.enterprise.v3.admin.CommandRunnerImpl$1.execute(CommandRunnerImpl.java:348)
	at com.sun.enterprise.v3.admin.CommandRunnerImpl.doCommand(CommandRunnerImpl.java:363)
	at com.sun.enterprise.v3.admin.CommandRunnerImpl.doCommand(CommandRunnerImpl.java:1085)
	at com.sun.enterprise.v3.admin.CommandRunnerImpl.access$1200(CommandRunnerImpl.java:95)
	at com.sun.enterprise.v3.admin.CommandRunnerImpl$ExecutionContext.execute(CommandRunnerImpl.java:1291)
	at com.sun.enterprise.v3.admin.CommandRunnerImpl$ExecutionContext.execute(CommandRunnerImpl.java:1259)
	at com.sun.enterprise.admin.cli.embeddable.DeployerImpl.deploy(DeployerImpl.java:129)
	at com.sun.enterprise.admin.cli.embeddable.DeployerImpl.deploy(DeployerImpl.java:105)
	at org.glassfish.ejb.embedded.EJBContainerImpl.deploy(EJBContainerImpl.java:140)
	at org.glassfish.ejb.embedded.EJBContainerProviderImpl.createEJBContainer(EJBContainerProviderImpl.java:134)
	at javax.ejb.embeddable.EJBContainer.createEJBContainer(EJBContainer.java:127)
	at javax.ejb.embeddable.EJBContainer.createEJBContainer(EJBContainer.java:102)
	at br.com.devmedia.consultorioee.service.ServiceServiceTest.setUp(ServiceServiceTest.java:41)
	at sun.reflect.NativeMethodAccessorImpl.invoke0(Native Method)
	at sun.reflect.NativeMethodAccessorImpl.invoke(NativeMethodAccessorImpl.java:57)
	at sun.reflect.DelegatingMethodAccessorImpl.invoke(DelegatingMethodAccessorImpl.java:43)
	at java.lang.reflect.Method.invoke(Method.java:606)
	at org.junit.internal.runners.MethodRoadie.runBefores(MethodRoadie.java:122)
	at org.junit.internal.runners.MethodRoadie.runBeforesThenTestThenAfters(MethodRoadie.java:86)
	at org.junit.internal.runners.MethodRoadie.runTest(MethodRoadie.java:77)
	at org.junit.internal.runners.MethodRoadie.run(MethodRoadie.java:42)
	at org.junit.internal.runners.JUnit4ClassRunner.invokeTestMethod(JUnit4ClassRunner.java:88)
	at org.junit.internal.runners.JUnit4ClassRunner.runMethods(JUnit4ClassRunner.java:51)
	at org.junit.internal.runners.JUnit4ClassRunner$1.run(JUnit4ClassRunner.java:44)
	at org.junit.internal.runners.ClassRoadie.runUnprotected(ClassRoadie.java:27)
	at org.junit.internal.runners.ClassRoadie.runProtected(ClassRoadie.java:37)
	at org.junit.internal.runners.JUnit4ClassRunner.run(JUnit4ClassRunner.java:42)
	at org.apache.maven.surefire.junit4.JUnit4TestSet.execute(JUnit4TestSet.java:53)
	at org.apache.maven.surefire.junit4.JUnit4Provider.executeTestSet(JUnit4Provider.java:123)
	at org.apache.maven.surefire.junit4.JUnit4Provider.invoke(JUnit4Provider.java:104)
	at sun.reflect.NativeMethodAccessorImpl.invoke0(Native Method)
	at sun.reflect.NativeMethodAccessorImpl.invoke(NativeMethodAccessorImpl.java:57)
	at sun.reflect.DelegatingMethodAccessorImpl.invoke(DelegatingMethodAccessorImpl.java:43)
	at java.lang.reflect.Method.invoke(Method.java:606)
	at org.apache.maven.surefire.util.ReflectionUtils.invokeMethodWithArray(ReflectionUtils.java:164)
	at org.apache.maven.surefire.booter.ProviderFactory$ProviderProxy.invoke(ProviderFactory.java:110)
	at org.apache.maven.surefire.booter.SurefireStarter.invokeProvider(SurefireStarter.java:175)
	at org.apache.maven.surefire.booter.SurefireStarter.runSuitesInProcessWhenForked(SurefireStarter.java:107)
	at org.apache.maven.surefire.booter.ForkedBooter.main(ForkedBooter.java:68)

Ago 16, 2015 2:50:13 PM org.glassfish.ejb.embedded.EJBContainerProviderImpl createEJBContainer
Informações: [EJBContainerProviderImpl] Cleaning up on failure ...
Ago 16, 2015 2:50:13 PM org.glassfish.admin.mbeanserver.JMXStartupService shutdown
Informações: JMX001: JMXStartupService and JMXConnectors have been shut down.
Ago 16, 2015 2:50:13 PM com.sun.enterprise.v3.server.AppServerStartup stop
Informações: Shutdown procedure finished
Ago 16, 2015 2:50:13 PM AppServerStartup run
Informações: [Thread[GlassFish Kernel Main Thread,5,main]] exiting
</system-err>
  </testcase>
  <testcase time="3.331" classname="br.com.devmedia.consultorioee.service.ServiceServiceTest" name="testSetService">
    <error type="java.lang.NullPointerException">java.lang.NullPointerException
	at br.com.devmedia.consultorioee.service.ServiceServiceTest.tearDown(ServiceServiceTest.java:64)
	at sun.reflect.NativeMethodAccessorImpl.invoke0(Native Method)
	at sun.reflect.NativeMethodAccessorImpl.invoke(NativeMethodAccessorImpl.java:57)
	at sun.reflect.DelegatingMethodAccessorImpl.invoke(DelegatingMethodAccessorImpl.java:43)
	at java.lang.reflect.Method.invoke(Method.java:606)
	at org.junit.internal.runners.MethodRoadie.runAfters(MethodRoadie.java:138)
	at org.junit.internal.runners.MethodRoadie.runBeforesThenTestThenAfters(MethodRoadie.java:92)
	at org.junit.internal.runners.MethodRoadie.runTest(MethodRoadie.java:77)
	at org.junit.internal.runners.MethodRoadie.run(MethodRoadie.java:42)
	at org.junit.internal.runners.JUnit4ClassRunner.invokeTestMethod(JUnit4ClassRunner.java:88)
	at org.junit.internal.runners.JUnit4ClassRunner.runMethods(JUnit4ClassRunner.java:51)
	at org.junit.internal.runners.JUnit4ClassRunner$1.run(JUnit4ClassRunner.java:44)
	at org.junit.internal.runners.ClassRoadie.runUnprotected(ClassRoadie.java:27)
	at org.junit.internal.runners.ClassRoadie.runProtected(ClassRoadie.java:37)
	at org.junit.internal.runners.JUnit4ClassRunner.run(JUnit4ClassRunner.java:42)
	at org.apache.maven.surefire.junit4.JUnit4TestSet.execute(JUnit4TestSet.java:53)
	at org.apache.maven.surefire.junit4.JUnit4Provider.executeTestSet(JUnit4Provider.java:123)
	at org.apache.maven.surefire.junit4.JUnit4Provider.invoke(JUnit4Provider.java:104)
	at sun.reflect.NativeMethodAccessorImpl.invoke0(Native Method)
	at sun.reflect.NativeMethodAccessorImpl.invoke(NativeMethodAccessorImpl.java:57)
	at sun.reflect.DelegatingMethodAccessorImpl.invoke(DelegatingMethodAccessorImpl.java:43)
	at java.lang.reflect.Method.invoke(Method.java:606)
	at org.apache.maven.surefire.util.ReflectionUtils.invokeMethodWithArray(ReflectionUtils.java:164)
	at org.apache.maven.surefire.booter.ProviderFactory$ProviderProxy.invoke(ProviderFactory.java:110)
	at org.apache.maven.surefire.booter.SurefireStarter.invokeProvider(SurefireStarter.java:175)
	at org.apache.maven.surefire.booter.SurefireStarter.runSuitesInProcessWhenForked(SurefireStarter.java:107)
	at org.apache.maven.surefire.booter.ForkedBooter.main(ForkedBooter.java:68)
</error>
  </testcase>
  <testcase time="3.221" classname="br.com.devmedia.consultorioee.service.ServiceServiceTest" name="testRemoveService">
    <error message="Failed to deploy EJB modules - see log for details" type="javax.ejb.EJBException">javax.ejb.EJBException: Failed to deploy EJB modules - see log for details
	at org.glassfish.ejb.embedded.EJBContainerImpl.deploy(EJBContainerImpl.java:150)
	at org.glassfish.ejb.embedded.EJBContainerProviderImpl.createEJBContainer(EJBContainerProviderImpl.java:134)
	at javax.ejb.embeddable.EJBContainer.createEJBContainer(EJBContainer.java:127)
	at javax.ejb.embeddable.EJBContainer.createEJBContainer(EJBContainer.java:102)
	at br.com.devmedia.consultorioee.service.ServiceServiceTest.setUp(ServiceServiceTest.java:41)
	at sun.reflect.NativeMethodAccessorImpl.invoke0(Native Method)
	at sun.reflect.NativeMethodAccessorImpl.invoke(NativeMethodAccessorImpl.java:57)
	at sun.reflect.DelegatingMethodAccessorImpl.invoke(DelegatingMethodAccessorImpl.java:43)
	at java.lang.reflect.Method.invoke(Method.java:606)
	at org.junit.internal.runners.MethodRoadie.runBefores(MethodRoadie.java:122)
	at org.junit.internal.runners.MethodRoadie.runBeforesThenTestThenAfters(MethodRoadie.java:86)
	at org.junit.internal.runners.MethodRoadie.runTest(MethodRoadie.java:77)
	at org.junit.internal.runners.MethodRoadie.run(MethodRoadie.java:42)
	at org.junit.internal.runners.JUnit4ClassRunner.invokeTestMethod(JUnit4ClassRunner.java:88)
	at org.junit.internal.runners.JUnit4ClassRunner.runMethods(JUnit4ClassRunner.java:51)
	at org.junit.internal.runners.JUnit4ClassRunner$1.run(JUnit4ClassRunner.java:44)
	at org.junit.internal.runners.ClassRoadie.runUnprotected(ClassRoadie.java:27)
	at org.junit.internal.runners.ClassRoadie.runProtected(ClassRoadie.java:37)
	at org.junit.internal.runners.JUnit4ClassRunner.run(JUnit4ClassRunner.java:42)
	at org.apache.maven.surefire.junit4.JUnit4TestSet.execute(JUnit4TestSet.java:53)
	at org.apache.maven.surefire.junit4.JUnit4Provider.executeTestSet(JUnit4Provider.java:123)
	at org.apache.maven.surefire.junit4.JUnit4Provider.invoke(JUnit4Provider.java:104)
	at sun.reflect.NativeMethodAccessorImpl.invoke0(Native Method)
	at sun.reflect.NativeMethodAccessorImpl.invoke(NativeMethodAccessorImpl.java:57)
	at sun.reflect.DelegatingMethodAccessorImpl.invoke(DelegatingMethodAccessorImpl.java:43)
	at java.lang.reflect.Method.invoke(Method.java:606)
	at org.apache.maven.surefire.util.ReflectionUtils.invokeMethodWithArray(ReflectionUtils.java:164)
	at org.apache.maven.surefire.booter.ProviderFactory$ProviderProxy.invoke(ProviderFactory.java:110)
	at org.apache.maven.surefire.booter.SurefireStarter.invokeProvider(SurefireStarter.java:175)
	at org.apache.maven.surefire.booter.SurefireStarter.runSuitesInProcessWhenForked(SurefireStarter.java:107)
	at org.apache.maven.surefire.booter.ForkedBooter.main(ForkedBooter.java:68)
</error>
    <system-err>Ago 16, 2015 2:50:13 PM org.glassfish.ejb.embedded.EJBContainerProviderImpl getValidFile
Advertência: EJB6008:Specified or calculated application server instance [/home/senaga/.m2/repository/org/glassfish/main/extras/glassfish-embedded-all/domains/domain1] does not exist.
Ago 16, 2015 2:50:13 PM com.sun.enterprise.security.ssl.impl.SecuritySupportImpl checkCertificateDates
Grave: SEC5054: Certificate has expired: [
[
  Version: V3
  Subject: CN=GTE CyberTrust Root 5, OU=&quot;GTE CyberTrust Solutions, Inc.&quot;, O=GTE Corporation, C=US
  Signature Algorithm: SHA1withRSA, OID = 1.2.840.113549.1.1.5

  Key:  Sun RSA public key, 2048 bits
  modulus: 23741889829347261660812437366387754385443431973861114865490414153884050331745811968523116847625570146592736935209718565296053386842135985534863157983128812774162998053673746470782252407673402238146869994438729551246768368782318393878374421033907597162218758024581735139682087126982809511479059100617027892880227587855877479432885604404402435662802390484099065871430585284534529627347717530352189612077130606642676951640071336717026459037542552927905851171460589361570392199748753414855675665635003335769915908187224347232807336022456537328962095005323382940080676931822787496212635993279098588863972868266229522169377
  public exponent: 65537
  Validity: [From: Fri Aug 14 11:50:00 BRT 1998,
               To: Wed Aug 14 20:59:00 BRT 2013]
  Issuer: CN=GTE CyberTrust Root 5, OU=&quot;GTE CyberTrust Solutions, Inc.&quot;, O=GTE Corporation, C=US
  SerialNumber: [    01b6]

Certificate Extensions: 4
[1]: ObjectId: 2.5.29.19 Criticality=true
BasicConstraints:[
  CA:true
  PathLen:5
]

[2]: ObjectId: 2.5.29.32 Criticality=false
CertificatePolicies [
  [CertificatePolicyId: [1.2.840.113763.1.2.1.3]
[]  ]
]

[3]: ObjectId: 2.5.29.15 Criticality=true
KeyUsage [
  Key_CertSign
  Crl_Sign
]

[4]: ObjectId: 2.5.29.14 Criticality=false
SubjectKeyIdentifier [
KeyIdentifier [
0000: 76 0A 49 21 38 4C 9F DE   F8 C4 49 C7 71 71 91 9D  v.I!8L....I.qq..
]
]

]
  Algorithm: [SHA1withRSA]
  Signature:
0000: 41 3A D4 18 5B DA B8 DE   21 1C E1 8E 09 E5 F1 68  A:..[...!......h
0010: 34 FF DE 96 F4 07 F5 A7   3C F3 AC 4A B1 9B FA 92  4.......&lt;..J....
0020: FA 9B ED E6 32 21 AA 4A   76 C5 DC 4F 38 E5 DF D5  ....2!.Jv..O8...
0030: 86 E4 D5 C8 76 7D 98 D7   B1 CD 8F 4D B5 91 23 6C  ....v......M..#l
0040: 8B 8A EB EA 7C EF 14 94   C4 C6 F0 1F 4A 2D 32 71  ............J-2q
0050: 63 2B 63 91 26 02 09 B6   80 1D ED E2 CC B8 7F DB  c+c.&amp;...........
0060: 87 63 C8 E1 D0 6C 26 B1   35 1D 40 66 10 1B CD 95  .c...l&amp;.5.@f....
0070: 54 18 33 61 EC 13 4F DA   13 F7 99 AF 3E D0 CF 8E  T.3a..O.....&gt;...
0080: A6 72 A2 B3 C3 05 9A C9   27 7D 92 CC 7E 52 8D B3  .r......&apos;....R..
0090: AB 70 6D 9E 89 9F 4D EB   1A 75 C2 98 AA D5 02 16  .pm...M..u......
00A0: D7 0C 8A BF 25 E4 EB 2D   BC 98 E9 58 38 19 7C B9  ....%..-...X8...
00B0: 37 FE DB E2 99 08 73 06   C7 97 83 6A 7D 10 01 2F  7.....s....j.../
00C0: 32 B9 17 05 4A 65 E6 2F   CE BE 5E 53 A6 82 E9 9A  2...Je./..^S....
00D0: 53 0A 84 74 2D 83 CA C8   94 16 76 5F 94 61 28 F0  S..t-.....v_.a(.
00E0: 85 A7 39 BB D7 8B D9 A8   B2 13 1D 54 09 34 24 7D  ..9........T.4$.
00F0: 20 81 7D 66 7E A2 90 74   5C 10 C6 BD EC AB 1B C2   ..f...t\.......

]
Ago 16, 2015 2:50:13 PM com.sun.enterprise.v3.services.impl.GrizzlyService createNetworkProxy
Informações: Network listener http-listener on port 0 disabled per domain.xml
Ago 16, 2015 2:50:13 PM com.sun.enterprise.v3.services.impl.GrizzlyService createNetworkProxy
Informações: Network listener https-listener on port 0 disabled per domain.xml
Ago 16, 2015 2:50:13 PM com.sun.enterprise.v3.server.AppServerStartup run
Informações: GlassFish Server Open Source Edition 3.1.2 (java_re-private) startup time : Embedded (23ms), startup services(54ms), total(77ms)
Ago 16, 2015 2:50:13 PM org.glassfish.admin.mbeanserver.JMXStartupService$JMXConnectorsStarterThread run
Informações: JMX006: JMXStartupService had disabled JMXConnector system
Ago 16, 2015 2:50:13 PM org.glassfish.ejb.embedded.EJBContainerProviderImpl skipJar
Informações: ... skipping entry with a Manifest file with a special attribute: glassfish-embedded-all-3.1.2.jar
Ago 16, 2015 2:50:13 PM org.glassfish.ejb.embedded.DeploymentElement getOrCreateApplication
Informações: [DeploymentElement] adding EJB module to ScatteredArchive classes
Ago 16, 2015 2:50:13 PM org.glassfish.ejb.embedded.DeploymentElement getOrCreateApplication
Informações: [DeploymentElement] adding library to ScatteredArchive junit-4.4.jar
Ago 16, 2015 2:50:13 PM org.glassfish.ejb.embedded.DeploymentElement getOrCreateApplication
Informações: [DeploymentElement] adding library to ScatteredArchive test-classes
Ago 16, 2015 2:50:13 PM org.glassfish.ejb.embedded.DeploymentElement getOrCreateApplication
Informações: [DeploymentElement] adding library to ScatteredArchive javaee-api-7.0.jar
Ago 16, 2015 2:50:13 PM org.glassfish.ejb.embedded.DeploymentElement getOrCreateApplication
Informações: [DeploymentElement] adding library to ScatteredArchive activation-1.1.jar
Ago 16, 2015 2:50:13 PM org.glassfish.ejb.embedded.DeploymentElement getOrCreateApplication
Informações: [DeploymentElement] adding library to ScatteredArchive javax.mail-1.5.0.jar
Ago 16, 2015 2:50:13 PM org.glassfish.ejb.embedded.EJBContainerImpl deploy
Informações: [EJBContainerImpl] Deploying app: org.glassfish.embeddable.archive.ScatteredArchive@169a66c
Ago 16, 2015 2:50:15 PM com.sun.ejb.containers.EjbContainerUtilImpl createThreadPoolExecutor
Informações: Created EjbThreadPoolExecutor with thread-core-pool-size 16 thread-max-pool-size 32 thread-keep-alive-seconds 60 thread-queue-capacity 2147483647 allow-core-thread-timeout false 
Ago 16, 2015 2:50:15 PM com.sun.enterprise.security.SecurityLifecycle &lt;init&gt;
Informações: SEC1002: Security Manager is OFF.
Ago 16, 2015 2:50:15 PM com.sun.enterprise.security.SecurityLifecycle onInitialization
Informações: SEC1010: Entering Security Startup Service
Ago 16, 2015 2:50:15 PM com.sun.enterprise.security.SecurityLifecycle onInitialization
Informações: SEC1011: Security Service(s) Started Successfully
Ago 16, 2015 2:50:16 PM org.glassfish.api.ActionReport failure
Grave: Exception while invoking class org.glassfish.persistence.jpa.JPADeployer prepare method
Ago 16, 2015 2:50:16 PM org.glassfish.api.ActionReport failure
Grave: Exception while preparing the app
Ago 16, 2015 2:50:16 PM com.sun.enterprise.v3.server.ApplicationLifecycle deploy
Grave: Invalid resource : jdbc/odontoeepool__pm
java.lang.RuntimeException: Invalid resource : jdbc/odontoeepool__pm
	at com.sun.enterprise.connectors.ConnectorRuntime.lookupDataSourceInDAS(ConnectorRuntime.java:540)
	at com.sun.enterprise.connectors.ConnectorRuntime.lookupPMResource(ConnectorRuntime.java:469)
	at org.glassfish.persistence.common.PersistenceHelper.lookupPMResource(PersistenceHelper.java:63)
	at org.glassfish.persistence.jpa.ProviderContainerContractInfoBase.lookupDataSource(ProviderContainerContractInfoBase.java:71)
	at org.glassfish.persistence.jpa.PersistenceUnitInfoImpl.&lt;init&gt;(PersistenceUnitInfoImpl.java:108)
	at org.glassfish.persistence.jpa.PersistenceUnitLoader.loadPU(PersistenceUnitLoader.java:155)
	at org.glassfish.persistence.jpa.PersistenceUnitLoader.&lt;init&gt;(PersistenceUnitLoader.java:120)
	at org.glassfish.persistence.jpa.JPADeployer$1.visitPUD(JPADeployer.java:224)
	at org.glassfish.persistence.jpa.JPADeployer$PersistenceUnitDescriptorIterator.iteratePUDs(JPADeployer.java:495)
	at org.glassfish.persistence.jpa.JPADeployer.createEMFs(JPADeployer.java:233)
	at org.glassfish.persistence.jpa.JPADeployer.prepare(JPADeployer.java:168)
	at com.sun.enterprise.v3.server.ApplicationLifecycle.prepareModule(ApplicationLifecycle.java:871)
	at com.sun.enterprise.v3.server.ApplicationLifecycle.deploy(ApplicationLifecycle.java:410)
	at com.sun.enterprise.v3.server.ApplicationLifecycle.deploy(ApplicationLifecycle.java:240)
	at org.glassfish.deployment.admin.DeployCommand.execute(DeployCommand.java:389)
	at com.sun.enterprise.v3.admin.CommandRunnerImpl$1.execute(CommandRunnerImpl.java:348)
	at com.sun.enterprise.v3.admin.CommandRunnerImpl.doCommand(CommandRunnerImpl.java:363)
	at com.sun.enterprise.v3.admin.CommandRunnerImpl.doCommand(CommandRunnerImpl.java:1085)
	at com.sun.enterprise.v3.admin.CommandRunnerImpl.access$1200(CommandRunnerImpl.java:95)
	at com.sun.enterprise.v3.admin.CommandRunnerImpl$ExecutionContext.execute(CommandRunnerImpl.java:1291)
	at com.sun.enterprise.v3.admin.CommandRunnerImpl$ExecutionContext.execute(CommandRunnerImpl.java:1259)
	at com.sun.enterprise.admin.cli.embeddable.DeployerImpl.deploy(DeployerImpl.java:129)
	at com.sun.enterprise.admin.cli.embeddable.DeployerImpl.deploy(DeployerImpl.java:105)
	at org.glassfish.ejb.embedded.EJBContainerImpl.deploy(EJBContainerImpl.java:140)
	at org.glassfish.ejb.embedded.EJBContainerProviderImpl.createEJBContainer(EJBContainerProviderImpl.java:134)
	at javax.ejb.embeddable.EJBContainer.createEJBContainer(EJBContainer.java:127)
	at javax.ejb.embeddable.EJBContainer.createEJBContainer(EJBContainer.java:102)
	at br.com.devmedia.consultorioee.service.ServiceServiceTest.setUp(ServiceServiceTest.java:41)
	at sun.reflect.NativeMethodAccessorImpl.invoke0(Native Method)
	at sun.reflect.NativeMethodAccessorImpl.invoke(NativeMethodAccessorImpl.java:57)
	at sun.reflect.DelegatingMethodAccessorImpl.invoke(DelegatingMethodAccessorImpl.java:43)
	at java.lang.reflect.Method.invoke(Method.java:606)
	at org.junit.internal.runners.MethodRoadie.runBefores(MethodRoadie.java:122)
	at org.junit.internal.runners.MethodRoadie.runBeforesThenTestThenAfters(MethodRoadie.java:86)
	at org.junit.internal.runners.MethodRoadie.runTest(MethodRoadie.java:77)
	at org.junit.internal.runners.MethodRoadie.run(MethodRoadie.java:42)
	at org.junit.internal.runners.JUnit4ClassRunner.invokeTestMethod(JUnit4ClassRunner.java:88)
	at org.junit.internal.runners.JUnit4ClassRunner.runMethods(JUnit4ClassRunner.java:51)
	at org.junit.internal.runners.JUnit4ClassRunner$1.run(JUnit4ClassRunner.java:44)
	at org.junit.internal.runners.ClassRoadie.runUnprotected(ClassRoadie.java:27)
	at org.junit.internal.runners.ClassRoadie.runProtected(ClassRoadie.java:37)
	at org.junit.internal.runners.JUnit4ClassRunner.run(JUnit4ClassRunner.java:42)
	at org.apache.maven.surefire.junit4.JUnit4TestSet.execute(JUnit4TestSet.java:53)
	at org.apache.maven.surefire.junit4.JUnit4Provider.executeTestSet(JUnit4Provider.java:123)
	at org.apache.maven.surefire.junit4.JUnit4Provider.invoke(JUnit4Provider.java:104)
	at sun.reflect.NativeMethodAccessorImpl.invoke0(Native Method)
	at sun.reflect.NativeMethodAccessorImpl.invoke(NativeMethodAccessorImpl.java:57)
	at sun.reflect.DelegatingMethodAccessorImpl.invoke(DelegatingMethodAccessorImpl.java:43)
	at java.lang.reflect.Method.invoke(Method.java:606)
	at org.apache.maven.surefire.util.ReflectionUtils.invokeMethodWithArray(ReflectionUtils.java:164)
	at org.apache.maven.surefire.booter.ProviderFactory$ProviderProxy.invoke(ProviderFactory.java:110)
	at org.apache.maven.surefire.booter.SurefireStarter.invokeProvider(SurefireStarter.java:175)
	at org.apache.maven.surefire.booter.SurefireStarter.runSuitesInProcessWhenForked(SurefireStarter.java:107)
	at org.apache.maven.surefire.booter.ForkedBooter.main(ForkedBooter.java:68)
Caused by: com.sun.appserv.connectors.internal.api.ConnectorRuntimeException: Invalid resource : jdbc/odontoeepool__pm
	at com.sun.enterprise.connectors.service.ConnectorResourceAdminServiceImpl$MyDataSource.validateResource(ConnectorResourceAdminServiceImpl.java:274)
	at com.sun.enterprise.connectors.service.ConnectorResourceAdminServiceImpl$MyDataSource.setResourceInfo(ConnectorResourceAdminServiceImpl.java:255)
	at com.sun.enterprise.connectors.service.ConnectorResourceAdminServiceImpl.lookupDataSourceInDAS(ConnectorResourceAdminServiceImpl.java:245)
	at com.sun.enterprise.connectors.ConnectorRuntime.lookupDataSourceInDAS(ConnectorRuntime.java:538)
	... 53 more

Ago 16, 2015 2:50:16 PM org.glassfish.deployment.admin.DeployCommand execute
Grave: Exception while preparing the app : Invalid resource : jdbc/odontoeepool__pm
com.sun.appserv.connectors.internal.api.ConnectorRuntimeException: Invalid resource : jdbc/odontoeepool__pm
	at com.sun.enterprise.connectors.service.ConnectorResourceAdminServiceImpl$MyDataSource.validateResource(ConnectorResourceAdminServiceImpl.java:274)
	at com.sun.enterprise.connectors.service.ConnectorResourceAdminServiceImpl$MyDataSource.setResourceInfo(ConnectorResourceAdminServiceImpl.java:255)
	at com.sun.enterprise.connectors.service.ConnectorResourceAdminServiceImpl.lookupDataSourceInDAS(ConnectorResourceAdminServiceImpl.java:245)
	at com.sun.enterprise.connectors.ConnectorRuntime.lookupDataSourceInDAS(ConnectorRuntime.java:538)
	at com.sun.enterprise.connectors.ConnectorRuntime.lookupPMResource(ConnectorRuntime.java:469)
	at org.glassfish.persistence.common.PersistenceHelper.lookupPMResource(PersistenceHelper.java:63)
	at org.glassfish.persistence.jpa.ProviderContainerContractInfoBase.lookupDataSource(ProviderContainerContractInfoBase.java:71)
	at org.glassfish.persistence.jpa.PersistenceUnitInfoImpl.&lt;init&gt;(PersistenceUnitInfoImpl.java:108)
	at org.glassfish.persistence.jpa.PersistenceUnitLoader.loadPU(PersistenceUnitLoader.java:155)
	at org.glassfish.persistence.jpa.PersistenceUnitLoader.&lt;init&gt;(PersistenceUnitLoader.java:120)
	at org.glassfish.persistence.jpa.JPADeployer$1.visitPUD(JPADeployer.java:224)
	at org.glassfish.persistence.jpa.JPADeployer$PersistenceUnitDescriptorIterator.iteratePUDs(JPADeployer.java:495)
	at org.glassfish.persistence.jpa.JPADeployer.createEMFs(JPADeployer.java:233)
	at org.glassfish.persistence.jpa.JPADeployer.prepare(JPADeployer.java:168)
	at com.sun.enterprise.v3.server.ApplicationLifecycle.prepareModule(ApplicationLifecycle.java:871)
	at com.sun.enterprise.v3.server.ApplicationLifecycle.deploy(ApplicationLifecycle.java:410)
	at com.sun.enterprise.v3.server.ApplicationLifecycle.deploy(ApplicationLifecycle.java:240)
	at org.glassfish.deployment.admin.DeployCommand.execute(DeployCommand.java:389)
	at com.sun.enterprise.v3.admin.CommandRunnerImpl$1.execute(CommandRunnerImpl.java:348)
	at com.sun.enterprise.v3.admin.CommandRunnerImpl.doCommand(CommandRunnerImpl.java:363)
	at com.sun.enterprise.v3.admin.CommandRunnerImpl.doCommand(CommandRunnerImpl.java:1085)
	at com.sun.enterprise.v3.admin.CommandRunnerImpl.access$1200(CommandRunnerImpl.java:95)
	at com.sun.enterprise.v3.admin.CommandRunnerImpl$ExecutionContext.execute(CommandRunnerImpl.java:1291)
	at com.sun.enterprise.v3.admin.CommandRunnerImpl$ExecutionContext.execute(CommandRunnerImpl.java:1259)
	at com.sun.enterprise.admin.cli.embeddable.DeployerImpl.deploy(DeployerImpl.java:129)
	at com.sun.enterprise.admin.cli.embeddable.DeployerImpl.deploy(DeployerImpl.java:105)
	at org.glassfish.ejb.embedded.EJBContainerImpl.deploy(EJBContainerImpl.java:140)
	at org.glassfish.ejb.embedded.EJBContainerProviderImpl.createEJBContainer(EJBContainerProviderImpl.java:134)
	at javax.ejb.embeddable.EJBContainer.createEJBContainer(EJBContainer.java:127)
	at javax.ejb.embeddable.EJBContainer.createEJBContainer(EJBContainer.java:102)
	at br.com.devmedia.consultorioee.service.ServiceServiceTest.setUp(ServiceServiceTest.java:41)
	at sun.reflect.NativeMethodAccessorImpl.invoke0(Native Method)
	at sun.reflect.NativeMethodAccessorImpl.invoke(NativeMethodAccessorImpl.java:57)
	at sun.reflect.DelegatingMethodAccessorImpl.invoke(DelegatingMethodAccessorImpl.java:43)
	at java.lang.reflect.Method.invoke(Method.java:606)
	at org.junit.internal.runners.MethodRoadie.runBefores(MethodRoadie.java:122)
	at org.junit.internal.runners.MethodRoadie.runBeforesThenTestThenAfters(MethodRoadie.java:86)
	at org.junit.internal.runners.MethodRoadie.runTest(MethodRoadie.java:77)
	at org.junit.internal.runners.MethodRoadie.run(MethodRoadie.java:42)
	at org.junit.internal.runners.JUnit4ClassRunner.invokeTestMethod(JUnit4ClassRunner.java:88)
	at org.junit.internal.runners.JUnit4ClassRunner.runMethods(JUnit4ClassRunner.java:51)
	at org.junit.internal.runners.JUnit4ClassRunner$1.run(JUnit4ClassRunner.java:44)
	at org.junit.internal.runners.ClassRoadie.runUnprotected(ClassRoadie.java:27)
	at org.junit.internal.runners.ClassRoadie.runProtected(ClassRoadie.java:37)
	at org.junit.internal.runners.JUnit4ClassRunner.run(JUnit4ClassRunner.java:42)
	at org.apache.maven.surefire.junit4.JUnit4TestSet.execute(JUnit4TestSet.java:53)
	at org.apache.maven.surefire.junit4.JUnit4Provider.executeTestSet(JUnit4Provider.java:123)
	at org.apache.maven.surefire.junit4.JUnit4Provider.invoke(JUnit4Provider.java:104)
	at sun.reflect.NativeMethodAccessorImpl.invoke0(Native Method)
	at sun.reflect.NativeMethodAccessorImpl.invoke(NativeMethodAccessorImpl.java:57)
	at sun.reflect.DelegatingMethodAccessorImpl.invoke(DelegatingMethodAccessorImpl.java:43)
	at java.lang.reflect.Method.invoke(Method.java:606)
	at org.apache.maven.surefire.util.ReflectionUtils.invokeMethodWithArray(ReflectionUtils.java:164)
	at org.apache.maven.surefire.booter.ProviderFactory$ProviderProxy.invoke(ProviderFactory.java:110)
	at org.apache.maven.surefire.booter.SurefireStarter.invokeProvider(SurefireStarter.java:175)
	at org.apache.maven.surefire.booter.SurefireStarter.runSuitesInProcessWhenForked(SurefireStarter.java:107)
	at org.apache.maven.surefire.booter.ForkedBooter.main(ForkedBooter.java:68)

Ago 16, 2015 2:50:16 PM org.glassfish.ejb.embedded.EJBContainerProviderImpl createEJBContainer
Informações: [EJBContainerProviderImpl] Cleaning up on failure ...
Ago 16, 2015 2:50:16 PM org.glassfish.admin.mbeanserver.JMXStartupService shutdown
Informações: JMX001: JMXStartupService and JMXConnectors have been shut down.
Ago 16, 2015 2:50:16 PM com.sun.enterprise.v3.server.AppServerStartup stop
Informações: Shutdown procedure finished
Ago 16, 2015 2:50:16 PM AppServerStartup run
Informações: [Thread[GlassFish Kernel Main Thread,5,main]] exiting
</system-err>
  </testcase>
  <testcase time="3.222" classname="br.com.devmedia.consultorioee.service.ServiceServiceTest" name="testRemoveService">
    <error type="java.lang.NullPointerException">java.lang.NullPointerException
	at br.com.devmedia.consultorioee.service.ServiceServiceTest.tearDown(ServiceServiceTest.java:64)
	at sun.reflect.NativeMethodAccessorImpl.invoke0(Native Method)
	at sun.reflect.NativeMethodAccessorImpl.invoke(NativeMethodAccessorImpl.java:57)
	at sun.reflect.DelegatingMethodAccessorImpl.invoke(DelegatingMethodAccessorImpl.java:43)
	at java.lang.reflect.Method.invoke(Method.java:606)
	at org.junit.internal.runners.MethodRoadie.runAfters(MethodRoadie.java:138)
	at org.junit.internal.runners.MethodRoadie.runBeforesThenTestThenAfters(MethodRoadie.java:92)
	at org.junit.internal.runners.MethodRoadie.runTest(MethodRoadie.java:77)
	at org.junit.internal.runners.MethodRoadie.run(MethodRoadie.java:42)
	at org.junit.internal.runners.JUnit4ClassRunner.invokeTestMethod(JUnit4ClassRunner.java:88)
	at org.junit.internal.runners.JUnit4ClassRunner.runMethods(JUnit4ClassRunner.java:51)
	at org.junit.internal.runners.JUnit4ClassRunner$1.run(JUnit4ClassRunner.java:44)
	at org.junit.internal.runners.ClassRoadie.runUnprotected(ClassRoadie.java:27)
	at org.junit.internal.runners.ClassRoadie.runProtected(ClassRoadie.java:37)
	at org.junit.internal.runners.JUnit4ClassRunner.run(JUnit4ClassRunner.java:42)
	at org.apache.maven.surefire.junit4.JUnit4TestSet.execute(JUnit4TestSet.java:53)
	at org.apache.maven.surefire.junit4.JUnit4Provider.executeTestSet(JUnit4Provider.java:123)
	at org.apache.maven.surefire.junit4.JUnit4Provider.invoke(JUnit4Provider.java:104)
	at sun.reflect.NativeMethodAccessorImpl.invoke0(Native Method)
	at sun.reflect.NativeMethodAccessorImpl.invoke(NativeMethodAccessorImpl.java:57)
	at sun.reflect.DelegatingMethodAccessorImpl.invoke(DelegatingMethodAccessorImpl.java:43)
	at java.lang.reflect.Method.invoke(Method.java:606)
	at org.apache.maven.surefire.util.ReflectionUtils.invokeMethodWithArray(ReflectionUtils.java:164)
	at org.apache.maven.surefire.booter.ProviderFactory$ProviderProxy.invoke(ProviderFactory.java:110)
	at org.apache.maven.surefire.booter.SurefireStarter.invokeProvider(SurefireStarter.java:175)
	at org.apache.maven.surefire.booter.SurefireStarter.runSuitesInProcessWhenForked(SurefireStarter.java:107)
	at org.apache.maven.surefire.booter.ForkedBooter.main(ForkedBooter.java:68)
</error>
  </testcase>
  <testcase time="3.176" classname="br.com.devmedia.consultorioee.service.ServiceServiceTest" name="testGetService">
    <error message="Failed to deploy EJB modules - see log for details" type="javax.ejb.EJBException">javax.ejb.EJBException: Failed to deploy EJB modules - see log for details
	at org.glassfish.ejb.embedded.EJBContainerImpl.deploy(EJBContainerImpl.java:150)
	at org.glassfish.ejb.embedded.EJBContainerProviderImpl.createEJBContainer(EJBContainerProviderImpl.java:134)
	at javax.ejb.embeddable.EJBContainer.createEJBContainer(EJBContainer.java:127)
	at javax.ejb.embeddable.EJBContainer.createEJBContainer(EJBContainer.java:102)
	at br.com.devmedia.consultorioee.service.ServiceServiceTest.setUp(ServiceServiceTest.java:41)
	at sun.reflect.NativeMethodAccessorImpl.invoke0(Native Method)
	at sun.reflect.NativeMethodAccessorImpl.invoke(NativeMethodAccessorImpl.java:57)
	at sun.reflect.DelegatingMethodAccessorImpl.invoke(DelegatingMethodAccessorImpl.java:43)
	at java.lang.reflect.Method.invoke(Method.java:606)
	at org.junit.internal.runners.MethodRoadie.runBefores(MethodRoadie.java:122)
	at org.junit.internal.runners.MethodRoadie.runBeforesThenTestThenAfters(MethodRoadie.java:86)
	at org.junit.internal.runners.MethodRoadie.runTest(MethodRoadie.java:77)
	at org.junit.internal.runners.MethodRoadie.run(MethodRoadie.java:42)
	at org.junit.internal.runners.JUnit4ClassRunner.invokeTestMethod(JUnit4ClassRunner.java:88)
	at org.junit.internal.runners.JUnit4ClassRunner.runMethods(JUnit4ClassRunner.java:51)
	at org.junit.internal.runners.JUnit4ClassRunner$1.run(JUnit4ClassRunner.java:44)
	at org.junit.internal.runners.ClassRoadie.runUnprotected(ClassRoadie.java:27)
	at org.junit.internal.runners.ClassRoadie.runProtected(ClassRoadie.java:37)
	at org.junit.internal.runners.JUnit4ClassRunner.run(JUnit4ClassRunner.java:42)
	at org.apache.maven.surefire.junit4.JUnit4TestSet.execute(JUnit4TestSet.java:53)
	at org.apache.maven.surefire.junit4.JUnit4Provider.executeTestSet(JUnit4Provider.java:123)
	at org.apache.maven.surefire.junit4.JUnit4Provider.invoke(JUnit4Provider.java:104)
	at sun.reflect.NativeMethodAccessorImpl.invoke0(Native Method)
	at sun.reflect.NativeMethodAccessorImpl.invoke(NativeMethodAccessorImpl.java:57)
	at sun.reflect.DelegatingMethodAccessorImpl.invoke(DelegatingMethodAccessorImpl.java:43)
	at java.lang.reflect.Method.invoke(Method.java:606)
	at org.apache.maven.surefire.util.ReflectionUtils.invokeMethodWithArray(ReflectionUtils.java:164)
	at org.apache.maven.surefire.booter.ProviderFactory$ProviderProxy.invoke(ProviderFactory.java:110)
	at org.apache.maven.surefire.booter.SurefireStarter.invokeProvider(SurefireStarter.java:175)
	at org.apache.maven.surefire.booter.SurefireStarter.runSuitesInProcessWhenForked(SurefireStarter.java:107)
	at org.apache.maven.surefire.booter.ForkedBooter.main(ForkedBooter.java:68)
</error>
    <system-err>Ago 16, 2015 2:50:16 PM org.glassfish.ejb.embedded.EJBContainerProviderImpl getValidFile
Advertência: EJB6008:Specified or calculated application server instance [/home/senaga/.m2/repository/org/glassfish/main/extras/glassfish-embedded-all/domains/domain1] does not exist.
Ago 16, 2015 2:50:16 PM com.sun.enterprise.security.ssl.impl.SecuritySupportImpl checkCertificateDates
Grave: SEC5054: Certificate has expired: [
[
  Version: V3
  Subject: CN=GTE CyberTrust Root 5, OU=&quot;GTE CyberTrust Solutions, Inc.&quot;, O=GTE Corporation, C=US
  Signature Algorithm: SHA1withRSA, OID = 1.2.840.113549.1.1.5

  Key:  Sun RSA public key, 2048 bits
  modulus: 23741889829347261660812437366387754385443431973861114865490414153884050331745811968523116847625570146592736935209718565296053386842135985534863157983128812774162998053673746470782252407673402238146869994438729551246768368782318393878374421033907597162218758024581735139682087126982809511479059100617027892880227587855877479432885604404402435662802390484099065871430585284534529627347717530352189612077130606642676951640071336717026459037542552927905851171460589361570392199748753414855675665635003335769915908187224347232807336022456537328962095005323382940080676931822787496212635993279098588863972868266229522169377
  public exponent: 65537
  Validity: [From: Fri Aug 14 11:50:00 BRT 1998,
               To: Wed Aug 14 20:59:00 BRT 2013]
  Issuer: CN=GTE CyberTrust Root 5, OU=&quot;GTE CyberTrust Solutions, Inc.&quot;, O=GTE Corporation, C=US
  SerialNumber: [    01b6]

Certificate Extensions: 4
[1]: ObjectId: 2.5.29.19 Criticality=true
BasicConstraints:[
  CA:true
  PathLen:5
]

[2]: ObjectId: 2.5.29.32 Criticality=false
CertificatePolicies [
  [CertificatePolicyId: [1.2.840.113763.1.2.1.3]
[]  ]
]

[3]: ObjectId: 2.5.29.15 Criticality=true
KeyUsage [
  Key_CertSign
  Crl_Sign
]

[4]: ObjectId: 2.5.29.14 Criticality=false
SubjectKeyIdentifier [
KeyIdentifier [
0000: 76 0A 49 21 38 4C 9F DE   F8 C4 49 C7 71 71 91 9D  v.I!8L....I.qq..
]
]

]
  Algorithm: [SHA1withRSA]
  Signature:
0000: 41 3A D4 18 5B DA B8 DE   21 1C E1 8E 09 E5 F1 68  A:..[...!......h
0010: 34 FF DE 96 F4 07 F5 A7   3C F3 AC 4A B1 9B FA 92  4.......&lt;..J....
0020: FA 9B ED E6 32 21 AA 4A   76 C5 DC 4F 38 E5 DF D5  ....2!.Jv..O8...
0030: 86 E4 D5 C8 76 7D 98 D7   B1 CD 8F 4D B5 91 23 6C  ....v......M..#l
0040: 8B 8A EB EA 7C EF 14 94   C4 C6 F0 1F 4A 2D 32 71  ............J-2q
0050: 63 2B 63 91 26 02 09 B6   80 1D ED E2 CC B8 7F DB  c+c.&amp;...........
0060: 87 63 C8 E1 D0 6C 26 B1   35 1D 40 66 10 1B CD 95  .c...l&amp;.5.@f....
0070: 54 18 33 61 EC 13 4F DA   13 F7 99 AF 3E D0 CF 8E  T.3a..O.....&gt;...
0080: A6 72 A2 B3 C3 05 9A C9   27 7D 92 CC 7E 52 8D B3  .r......&apos;....R..
0090: AB 70 6D 9E 89 9F 4D EB   1A 75 C2 98 AA D5 02 16  .pm...M..u......
00A0: D7 0C 8A BF 25 E4 EB 2D   BC 98 E9 58 38 19 7C B9  ....%..-...X8...
00B0: 37 FE DB E2 99 08 73 06   C7 97 83 6A 7D 10 01 2F  7.....s....j.../
00C0: 32 B9 17 05 4A 65 E6 2F   CE BE 5E 53 A6 82 E9 9A  2...Je./..^S....
00D0: 53 0A 84 74 2D 83 CA C8   94 16 76 5F 94 61 28 F0  S..t-.....v_.a(.
00E0: 85 A7 39 BB D7 8B D9 A8   B2 13 1D 54 09 34 24 7D  ..9........T.4$.
00F0: 20 81 7D 66 7E A2 90 74   5C 10 C6 BD EC AB 1B C2   ..f...t\.......

]
Ago 16, 2015 2:50:16 PM com.sun.enterprise.v3.services.impl.GrizzlyService createNetworkProxy
Informações: Network listener http-listener on port 0 disabled per domain.xml
Ago 16, 2015 2:50:16 PM com.sun.enterprise.v3.services.impl.GrizzlyService createNetworkProxy
Informações: Network listener https-listener on port 0 disabled per domain.xml
Ago 16, 2015 2:50:16 PM com.sun.enterprise.v3.server.AppServerStartup run
Informações: GlassFish Server Open Source Edition 3.1.2 (java_re-private) startup time : Embedded (17ms), startup services(57ms), total(74ms)
Ago 16, 2015 2:50:16 PM org.glassfish.admin.mbeanserver.JMXStartupService$JMXConnectorsStarterThread run
Informações: JMX006: JMXStartupService had disabled JMXConnector system
Ago 16, 2015 2:50:17 PM org.glassfish.ejb.embedded.EJBContainerProviderImpl skipJar
Informações: ... skipping entry with a Manifest file with a special attribute: glassfish-embedded-all-3.1.2.jar
Ago 16, 2015 2:50:17 PM org.glassfish.ejb.embedded.DeploymentElement getOrCreateApplication
Informações: [DeploymentElement] adding EJB module to ScatteredArchive classes
Ago 16, 2015 2:50:17 PM org.glassfish.ejb.embedded.DeploymentElement getOrCreateApplication
Informações: [DeploymentElement] adding library to ScatteredArchive activation-1.1.jar
Ago 16, 2015 2:50:17 PM org.glassfish.ejb.embedded.DeploymentElement getOrCreateApplication
Informações: [DeploymentElement] adding library to ScatteredArchive javaee-api-7.0.jar
Ago 16, 2015 2:50:17 PM org.glassfish.ejb.embedded.DeploymentElement getOrCreateApplication
Informações: [DeploymentElement] adding library to ScatteredArchive javax.mail-1.5.0.jar
Ago 16, 2015 2:50:17 PM org.glassfish.ejb.embedded.DeploymentElement getOrCreateApplication
Informações: [DeploymentElement] adding library to ScatteredArchive test-classes
Ago 16, 2015 2:50:17 PM org.glassfish.ejb.embedded.DeploymentElement getOrCreateApplication
Informações: [DeploymentElement] adding library to ScatteredArchive junit-4.4.jar
Ago 16, 2015 2:50:17 PM org.glassfish.ejb.embedded.EJBContainerImpl deploy
Informações: [EJBContainerImpl] Deploying app: org.glassfish.embeddable.archive.ScatteredArchive@a9e962
Ago 16, 2015 2:50:18 PM com.sun.ejb.containers.EjbContainerUtilImpl createThreadPoolExecutor
Informações: Created EjbThreadPoolExecutor with thread-core-pool-size 16 thread-max-pool-size 32 thread-keep-alive-seconds 60 thread-queue-capacity 2147483647 allow-core-thread-timeout false 
Ago 16, 2015 2:50:18 PM com.sun.enterprise.security.SecurityLifecycle &lt;init&gt;
Informações: SEC1002: Security Manager is OFF.
Ago 16, 2015 2:50:18 PM com.sun.enterprise.security.SecurityLifecycle onInitialization
Informações: SEC1010: Entering Security Startup Service
Ago 16, 2015 2:50:18 PM com.sun.enterprise.security.SecurityLifecycle onInitialization
Informações: SEC1011: Security Service(s) Started Successfully
Ago 16, 2015 2:50:19 PM org.glassfish.api.ActionReport failure
Grave: Exception while invoking class org.glassfish.persistence.jpa.JPADeployer prepare method
Ago 16, 2015 2:50:19 PM org.glassfish.api.ActionReport failure
Grave: Exception while preparing the app
Ago 16, 2015 2:50:19 PM com.sun.enterprise.v3.server.ApplicationLifecycle deploy
Grave: Invalid resource : jdbc/odontoeepool__pm
java.lang.RuntimeException: Invalid resource : jdbc/odontoeepool__pm
	at com.sun.enterprise.connectors.ConnectorRuntime.lookupDataSourceInDAS(ConnectorRuntime.java:540)
[...]
  Signature Algorithm: SHA1withRSA, OID = 1.2.840.113549.1.1.5

  Key:  Sun RSA public key, 2048 bits
  modulus: 23741889829347261660812437366387754385443431973861114865490414153884050331745811968523116847625570146592736935209718565296053386842135985534863157983128812774162998053673746470782252407673402238146869994438729551246768368782318393878374421033907597162218758024581735139682087126982809511479059100617027892880227587855877479432885604404402435662802390484099065871430585284534529627347717530352189612077130606642676951640071336717026459037542552927905851171460589361570392199748753414855675665635003335769915908187224347232807336022456537328962095005323382940080676931822787496212635993279098588863972868266229522169377
  public exponent: 65537
  Validity: [From: Fri Aug 14 11:50:00 BRT 1998,
               To: Wed Aug 14 20:59:00 BRT 2013]
  Issuer: CN=GTE CyberTrust Root 5, OU=&quot;GTE CyberTrust Solutions, Inc.&quot;, O=GTE Corporation, C=US
  SerialNumber: [    01b6]

Certificate Extensions: 4
[1]: ObjectId: 2.5.29.19 Criticality=true
BasicConstraints:[
  CA:true
  PathLen:5
]

[2]: ObjectId: 2.5.29.32 Criticality=false
CertificatePolicies [
  [CertificatePolicyId: [1.2.840.113763.1.2.1.3]
[]  ]
]

[3]: ObjectId: 2.5.29.15 Criticality=true
KeyUsage [
  Key_CertSign
  Crl_Sign
]

[4]: ObjectId: 2.5.29.14 Criticality=false
SubjectKeyIdentifier [
KeyIdentifier [
0000: 76 0A 49 21 38 4C 9F DE   F8 C4 49 C7 71 71 91 9D  v.I!8L....I.qq..
]
]

]
  Algorithm: [SHA1withRSA]
  Signature:
0000: 41 3A D4 18 5B DA B8 DE   21 1C E1 8E 09 E5 F1 68  A:..[...!......h
0010: 34 FF DE 96 F4 07 F5 A7   3C F3 AC 4A B1 9B FA 92  4.......&lt;..J....
0020: FA 9B ED E6 32 21 AA 4A   76 C5 DC 4F 38 E5 DF D5  ....2!.Jv..O8...
0030: 86 E4 D5 C8 76 7D 98 D7   B1 CD 8F 4D B5 91 23 6C  ....v......M..#l
0040: 8B 8A EB EA 7C EF 14 94   C4 C6 F0 1F 4A 2D 32 71  ............J-2q
0050: 63 2B 63 91 26 02 09 B6   80 1D ED E2 CC B8 7F DB  c+c.&amp;...........
0060: 87 63 C8 E1 D0 6C 26 B1   35 1D 40 66 10 1B CD 95  .c...l&amp;.5.@f....
0070: 54 18 33 61 EC 13 4F DA   13 F7 99 AF 3E D0 CF 8E  T.3a..O.....&gt;...
0080: A6 72 A2 B3 C3 05 9A C9   27 7D 92 CC 7E 52 8D B3  .r......&apos;....R..
0090: AB 70 6D 9E 89 9F 4D EB   1A 75 C2 98 AA D5 02 16  .pm...M..u......
00A0: D7 0C 8A BF 25 E4 EB 2D   BC 98 E9 58 38 19 7C B9  ....%..-...X8...
00B0: 37 FE DB E2 99 08 73 06   C7 97 83 6A 7D 10 01 2F  7.....s....j.../
00C0: 32 B9 17 05 4A 65 E6 2F   CE BE 5E 53 A6 82 E9 9A  2...Je./..^S....
00D0: 53 0A 84 74 2D 83 CA C8   94 16 76 5F 94 61 28 F0  S..t-.....v_.a(.
00E0: 85 A7 39 BB D7 8B D9 A8   B2 13 1D 54 09 34 24 7D  ..9........T.4$.
00F0: 20 81 7D 66 7E A2 90 74   5C 10 C6 BD EC AB 1B C2   ..f...t\.......

]
Ago 16, 2015 2:50:23 PM com.sun.enterprise.v3.services.impl.GrizzlyService createNetworkProxy
Informações: Network listener http-listener on port 0 disabled per domain.xml
Ago 16, 2015 2:50:23 PM com.sun.enterprise.v3.services.impl.GrizzlyService createNetworkProxy
Informações: Network listener https-listener on port 0 disabled per domain.xml
Ago 16, 2015 2:50:23 PM com.sun.enterprise.v3.server.AppServerStartup run
Informações: GlassFish Server Open Source Edition 3.1.2 (java_re-private) startup time : Embedded (16ms), startup services(36ms), total(52ms)
Ago 16, 2015 2:50:23 PM org.glassfish.admin.mbeanserver.JMXStartupService$JMXConnectorsStarterThread run
Informações: JMX006: JMXStartupService had disabled JMXConnector system
Ago 16, 2015 2:50:23 PM org.glassfish.ejb.embedded.EJBContainerProviderImpl skipJar
Informações: ... skipping entry with a Manifest file with a special attribute: glassfish-embedded-all-3.1.2.jar
Ago 16, 2015 2:50:23 PM org.glassfish.ejb.embedded.DeploymentElement getOrCreateApplication
Informações: [DeploymentElement] adding EJB module to ScatteredArchive classes
Ago 16, 2015 2:50:23 PM org.glassfish.ejb.embedded.DeploymentElement getOrCreateApplication
Informações: [DeploymentElement] adding library to ScatteredArchive test-classes
Ago 16, 2015 2:50:23 PM org.glassfish.ejb.embedded.DeploymentElement getOrCreateApplication
Informações: [DeploymentElement] adding library to ScatteredArchive activation-1.1.jar
Ago 16, 2015 2:50:23 PM org.glassfish.ejb.embedded.DeploymentElement getOrCreateApplication
Informações: [DeploymentElement] adding library to ScatteredArchive javax.mail-1.5.0.jar
Ago 16, 2015 2:50:23 PM org.glassfish.ejb.embedded.DeploymentElement getOrCreateApplication
Informações: [DeploymentElement] adding library to ScatteredArchive junit-4.4.jar
Ago 16, 2015 2:50:23 PM org.glassfish.ejb.embedded.DeploymentElement getOrCreateApplication
Informações: [DeploymentElement] adding library to ScatteredArchive javaee-api-7.0.jar
Ago 16, 2015 2:50:23 PM org.glassfish.ejb.embedded.EJBContainerImpl deploy
Informações: [EJBContainerImpl] Deploying app: org.glassfish.embeddable.archive.ScatteredArchive@69bd25
Ago 16, 2015 2:50:26 PM com.sun.ejb.containers.EjbContainerUtilImpl createThreadPoolExecutor
Informações: Created EjbThreadPoolExecutor with thread-core-pool-size 16 thread-max-pool-size 32 thread-keep-alive-seconds 60 thread-queue-capacity 2147483647 allow-core-thread-timeout false 
Ago 16, 2015 2:50:26 PM com.sun.enterprise.security.SecurityLifecycle &lt;init&gt;
Informações: SEC1002: Security Manager is OFF.
Ago 16, 2015 2:50:26 PM com.sun.enterprise.security.SecurityLifecycle onInitialization
Informações: SEC1010: Entering Security Startup Service
Ago 16, 2015 2:50:26 PM com.sun.enterprise.security.SecurityLifecycle onInitialization
Informações: SEC1011: Security Service(s) Started Successfully
Ago 16, 2015 2:50:27 PM org.glassfish.api.ActionReport failure
Grave: Exception while invoking class org.glassfish.persistence.jpa.JPADeployer prepare method
Ago 16, 2015 2:50:27 PM org.glassfish.api.ActionReport failure
Grave: Exception while preparing the app
Ago 16, 2015 2:50:27 PM com.sun.enterprise.v3.server.ApplicationLifecycle deploy
Grave: Invalid resource : jdbc/odontoeepool__pm
java.lang.RuntimeException: Invalid resource : jdbc/odontoeepool__pm
	at com.sun.enterprise.connectors.ConnectorRuntime.lookupDataSourceInDAS(ConnectorRuntime.java:540)
	at com.sun.enterprise.connectors.ConnectorRuntime.lookupPMResource(ConnectorRuntime.java:469)
	at org.glassfish.persistence.common.PersistenceHelper.lookupPMResource(PersistenceHelper.java:63)
	at org.glassfish.persistence.jpa.ProviderContainerContractInfoBase.lookupDataSource(ProviderContainerContractInfoBase.java:71)
	at org.glassfish.persistence.jpa.PersistenceUnitInfoImpl.&lt;init&gt;(PersistenceUnitInfoImpl.java:108)
	at org.glassfish.persistence.jpa.PersistenceUnitLoader.loadPU(PersistenceUnitLoader.java:155)
	at org.glassfish.persistence.jpa.PersistenceUnitLoader.&lt;init&gt;(PersistenceUnitLoader.java:120)
	at org.glassfish.persistence.jpa.JPADeployer$1.visitPUD(JPADeployer.java:224)
	at org.glassfish.persistence.jpa.JPADeployer$PersistenceUnitDescriptorIterator.iteratePUDs(JPADeployer.java:495)
	at org.glassfish.persistence.jpa.JPADeployer.createEMFs(JPADeployer.java:233)
	at org.glassfish.persistence.jpa.JPADeployer.prepare(JPADeployer.java:168)
	at com.sun.enterprise.v3.server.ApplicationLifecycle.prepareModule(ApplicationLifecycle.java:871)
	at com.sun.enterprise.v3.server.ApplicationLifecycle.deploy(ApplicationLifecycle.java:410)
	at com.sun.enterprise.v3.server.ApplicationLifecycle.deploy(ApplicationLifecycle.java:240)
	at org.glassfish.deployment.admin.DeployCommand.execute(DeployCommand.java:389)
	at com.sun.enterprise.v3.admin.CommandRunnerImpl$1.execute(CommandRunnerImpl.java:348)
	at com.sun.enterprise.v3.admin.CommandRunnerImpl.doCommand(CommandRunnerImpl.java:363)
	at com.sun.enterprise.v3.admin.CommandRunnerImpl.doCommand(CommandRunnerImpl.java:1085)
	at com.sun.enterprise.v3.admin.CommandRunnerImpl.access$1200(CommandRunnerImpl.java:95)
	at com.sun.enterprise.v3.admin.CommandRunnerImpl$ExecutionContext.execute(CommandRunnerImpl.java:1291)
	at com.sun.enterprise.v3.admin.CommandRunnerImpl$ExecutionContext.execute(CommandRunnerImpl.java:1259)
	at com.sun.enterprise.admin.cli.embeddable.DeployerImpl.deploy(DeployerImpl.java:129)
	at com.sun.enterprise.admin.cli.embeddable.DeployerImpl.deploy(DeployerImpl.java:105)
	at org.glassfish.ejb.embedded.EJBContainerImpl.deploy(EJBContainerImpl.java:140)
	at org.glassfish.ejb.embedded.EJBContainerProviderImpl.createEJBContainer(EJBContainerProviderImpl.java:134)
	at javax.ejb.embeddable.EJBContainer.createEJBContainer(EJBContainer.java:127)
	at javax.ejb.embeddable.EJBContainer.createEJBContainer(EJBContainer.java:102)
	at br.com.devmedia.consultorioee.service.ServiceServiceTest.setUp(ServiceServiceTest.java:41)
	at sun.reflect.NativeMethodAccessorImpl.invoke0(Native Method)
	at sun.reflect.NativeMethodAccessorImpl.invoke(NativeMethodAccessorImpl.java:57)
	at sun.reflect.DelegatingMethodAccessorImpl.invoke(DelegatingMethodAccessorImpl.java:43)
	at java.lang.reflect.Method.invoke(Method.java:606)
	at org.junit.internal.runners.MethodRoadie.runBefores(MethodRoadie.java:122)
	at org.junit.internal.runners.MethodRoadie.runBeforesThenTestThenAfters(MethodRoadie.java:86)
	at org.junit.internal.runners.MethodRoadie.runTest(MethodRoadie.java:77)
	at org.junit.internal.runners.MethodRoadie.run(MethodRoadie.java:42)
	at org.junit.internal.runners.JUnit4ClassRunner.invokeTestMethod(JUnit4ClassRunner.java:88)
	at org.junit.internal.runners.JUnit4ClassRunner.runMethods(JUnit4ClassRunner.java:51)
	at org.junit.internal.runners.JUnit4ClassRunner$1.run(JUnit4ClassRunner.java:44)
	at org.junit.internal.runners.ClassRoadie.runUnprotected(ClassRoadie.java:27)
	at org.junit.internal.runners.ClassRoadie.runProtected(ClassRoadie.java:37)
	at org.junit.internal.runners.JUnit4ClassRunner.run(JUnit4ClassRunner.java:42)
	at org.apache.maven.surefire.junit4.JUnit4TestSet.execute(JUnit4TestSet.java:53)
	at org.apache.maven.surefire.junit4.JUnit4Provider.executeTestSet(JUnit4Provider.java:123)
	at org.apache.maven.surefire.junit4.JUnit4Provider.invoke(JUnit4Provider.java:104)
	at sun.reflect.NativeMethodAccessorImpl.invoke0(Native Method)
	at sun.reflect.NativeMethodAccessorImpl.invoke(NativeMethodAccessorImpl.java:57)
	at sun.reflect.DelegatingMethodAccessorImpl.invoke(DelegatingMethodAccessorImpl.java:43)
	at java.lang.reflect.Method.invoke(Method.java:606)
	at org.apache.maven.surefire.util.ReflectionUtils.invokeMethodWithArray(ReflectionUtils.java:164)
	at org.apache.maven.surefire.booter.ProviderFactory$ProviderProxy.invoke(ProviderFactory.java:110)
	at org.apache.maven.surefire.booter.SurefireStarter.invokeProvider(SurefireStarter.java:175)
	at org.apache.maven.surefire.booter.SurefireStarter.runSuitesInProcessWhenForked(SurefireStarter.java:107)
	at org.apache.maven.surefire.booter.ForkedBooter.main(ForkedBooter.java:68)
Caused by: com.sun.appserv.connectors.internal.api.ConnectorRuntimeException: Invalid resource : jdbc/odontoeepool__pm
	at com.sun.enterprise.connectors.service.ConnectorResourceAdminServiceImpl$MyDataSource.validateResource(ConnectorResourceAdminServiceImpl.java:274)
	at com.sun.enterprise.connectors.service.ConnectorResourceAdminServiceImpl$MyDataSource.setResourceInfo(ConnectorResourceAdminServiceImpl.java:255)
	at com.sun.enterprise.connectors.service.ConnectorResourceAdminServiceImpl.lookupDataSourceInDAS(ConnectorResourceAdminServiceImpl.java:245)
	at com.sun.enterprise.connectors.ConnectorRuntime.lookupDataSourceInDAS(ConnectorRuntime.java:538)
	... 53 more

Ago 16, 2015 2:50:27 PM org.glassfish.deployment.admin.DeployCommand execute
Grave: Exception while preparing the app : Invalid resource : jdbc/odontoeepool__pm
com.sun.appserv.connectors.internal.api.ConnectorRuntimeException: Invalid resource : jdbc/odontoeepool__pm
	at com.sun.enterprise.connectors.service.ConnectorResourceAdminServiceImpl$MyDataSource.validateResource(ConnectorResourceAdminServiceImpl.java:274)
	at com.sun.enterprise.connectors.service.ConnectorResourceAdminServiceImpl$MyDataSource.setResourceInfo(ConnectorResourceAdminServiceImpl.java:255)
	at com.sun.enterprise.connectors.service.ConnectorResourceAdminServiceImpl.lookupDataSourceInDAS(ConnectorResourceAdminServiceImpl.java:245)
	at com.sun.enterprise.connectors.ConnectorRuntime.lookupDataSourceInDAS(ConnectorRuntime.java:538)
	at com.sun.enterprise.connectors.ConnectorRuntime.lookupPMResource(ConnectorRuntime.java:469)
	at org.glassfish.persistence.common.PersistenceHelper.lookupPMResource(PersistenceHelper.java:63)
	at org.glassfish.persistence.jpa.ProviderContainerContractInfoBase.lookupDataSource(ProviderContainerContractInfoBase.java:71)
	at org.glassfish.persistence.jpa.PersistenceUnitInfoImpl.&lt;init&gt;(PersistenceUnitInfoImpl.java:108)
	at org.glassfish.persistence.jpa.PersistenceUnitLoader.loadPU(PersistenceUnitLoader.java:155)
	at org.glassfish.persistence.jpa.PersistenceUnitLoader.&lt;init&gt;(PersistenceUnitLoader.java:120)
	at org.glassfish.persistence.jpa.JPADeployer$1.visitPUD(JPADeployer.java:224)
	at org.glassfish.persistence.jpa.JPADeployer$PersistenceUnitDescriptorIterator.iteratePUDs(JPADeployer.java:495)
	at org.glassfish.persistence.jpa.JPADeployer.createEMFs(JPADeployer.java:233)
	at org.glassfish.persistence.jpa.JPADeployer.prepare(JPADeployer.java:168)
	at com.sun.enterprise.v3.server.ApplicationLifecycle.prepareModule(ApplicationLifecycle.java:871)
	at com.sun.enterprise.v3.server.ApplicationLifecycle.deploy(ApplicationLifecycle.java:410)
	at com.sun.enterprise.v3.server.ApplicationLifecycle.deploy(ApplicationLifecycle.java:240)
	at org.glassfish.deployment.admin.DeployCommand.execute(DeployCommand.java:389)
	at com.sun.enterprise.v3.admin.CommandRunnerImpl$1.execute(CommandRunnerImpl.java:348)
	at com.sun.enterprise.v3.admin.CommandRunnerImpl.doCommand(CommandRunnerImpl.java:363)
	at com.sun.enterprise.v3.admin.CommandRunnerImpl.doCommand(CommandRunnerImpl.java:1085)
	at com.sun.enterprise.v3.admin.CommandRunnerImpl.access$1200(CommandRunnerImpl.java:95)
	at com.sun.enterprise.v3.admin.CommandRunnerImpl$ExecutionContext.execute(CommandRunnerImpl.java:1291)
	at com.sun.enterprise.v3.admin.CommandRunnerImpl$ExecutionContext.execute(CommandRunnerImpl.java:1259)
	at com.sun.enterprise.admin.cli.embeddable.DeployerImpl.deploy(DeployerImpl.java:129)
	at com.sun.enterprise.admin.cli.embeddable.DeployerImpl.deploy(DeployerImpl.java:105)
	at org.glassfish.ejb.embedded.EJBContainerImpl.deploy(EJBContainerImpl.java:140)
	at org.glassfish.ejb.embedded.EJBContainerProviderImpl.createEJBContainer(EJBContainerProviderImpl.java:134)
	at javax.ejb.embeddable.EJBContainer.createEJBContainer(EJBContainer.java:127)
	at javax.ejb.embeddable.EJBContainer.createEJBContainer(EJBContainer.java:102)
	at br.com.devmedia.consultorioee.service.ServiceServiceTest.setUp(ServiceServiceTest.java:41)
	at sun.reflect.NativeMethodAccessorImpl.invoke0(Native Method)
	at sun.reflect.NativeMethodAccessorImpl.invoke(NativeMethodAccessorImpl.java:57)
	at sun.reflect.DelegatingMethodAccessorImpl.invoke(DelegatingMethodAccessorImpl.java:43)
	at java.lang.reflect.Method.invoke(Method.java:606)
	at org.junit.internal.runners.MethodRoadie.runBefores(MethodRoadie.java:122)
	at org.junit.internal.runners.MethodRoadie.runBeforesThenTestThenAfters(MethodRoadie.java:86)
	at org.junit.internal.runners.MethodRoadie.runTest(MethodRoadie.java:77)
	at org.junit.internal.runners.MethodRoadie.run(MethodRoadie.java:42)
	at org.junit.internal.runners.JUnit4ClassRunner.invokeTestMethod(JUnit4ClassRunner.java:88)
	at org.junit.internal.runners.JUnit4ClassRunner.runMethods(JUnit4ClassRunner.java:51)
	at org.junit.internal.runners.JUnit4ClassRunner$1.run(JUnit4ClassRunner.java:44)
	at org.junit.internal.runners.ClassRoadie.runUnprotected(ClassRoadie.java:27)
	at org.junit.internal.runners.ClassRoadie.runProtected(ClassRoadie.java:37)
	at org.junit.internal.runners.JUnit4ClassRunner.run(JUnit4ClassRunner.java:42)
	at org.apache.maven.surefire.junit4.JUnit4TestSet.execute(JUnit4TestSet.java:53)
	at org.apache.maven.surefire.junit4.JUnit4Provider.executeTestSet(JUnit4Provider.java:123)
	at org.apache.maven.surefire.junit4.JUnit4Provider.invoke(JUnit4Provider.java:104)
	at sun.reflect.NativeMethodAccessorImpl.invoke0(Native Method)
	at sun.reflect.NativeMethodAccessorImpl.invoke(NativeMethodAccessorImpl.java:57)
	at sun.reflect.DelegatingMethodAccessorImpl.invoke(DelegatingMethodAccessorImpl.java:43)
	at java.lang.reflect.Method.invoke(Method.java:606)
	at org.apache.maven.surefire.util.ReflectionUtils.invokeMethodWithArray(ReflectionUtils.java:164)
	at org.apache.maven.surefire.booter.ProviderFactory$ProviderProxy.invoke(ProviderFactory.java:110)
	at org.apache.maven.surefire.booter.SurefireStarter.invokeProvider(SurefireStarter.java:175)
	at org.apache.maven.surefire.booter.SurefireStarter.runSuitesInProcessWhenForked(SurefireStarter.java:107)
	at org.apache.maven.surefire.booter.ForkedBooter.main(ForkedBooter.java:68)

Ago 16, 2015 2:50:27 PM org.glassfish.ejb.embedded.EJBContainerProviderImpl createEJBContainer
Informações: [EJBContainerProviderImpl] Cleaning up on failure ...
Ago 16, 2015 2:50:27 PM org.glassfish.admin.mbeanserver.JMXStartupService shutdown
Informações: JMX001: JMXStartupService and JMXConnectors have been shut down.
Ago 16, 2015 2:50:27 PM com.sun.enterprise.v3.server.AppServerStartup stop
Informações: Shutdown procedure finished
Ago 16, 2015 2:50:27 PM AppServerStartup run
Informações: [Thread[GlassFish Kernel Main Thread,5,main]] exiting
</system-err>
  </testcase>
  <testcase time="4.306" classname="br.com.devmedia.consultorioee.service.ServiceServiceTest" name="testGetServicesByName">
    <error type="java.lang.NullPointerException">java.lang.NullPointerException
	at br.com.devmedia.consultorioee.service.ServiceServiceTest.tearDown(ServiceServiceTest.java:64)
	at sun.reflect.NativeMethodAccessorImpl.invoke0(Native Method)
	at sun.reflect.NativeMethodAccessorImpl.invoke(NativeMethodAccessorImpl.java:57)
	at sun.reflect.DelegatingMethodAccessorImpl.invoke(DelegatingMethodAccessorImpl.java:43)
	at java.lang.reflect.Method.invoke(Method.java:606)
	at org.junit.internal.runners.MethodRoadie.runAfters(MethodRoadie.java:138)
	at org.junit.internal.runners.MethodRoadie.runBeforesThenTestThenAfters(MethodRoadie.java:92)
	at org.junit.internal.runners.MethodRoadie.runTest(MethodRoadie.java:77)
	at org.junit.internal.runners.MethodRoadie.run(MethodRoadie.java:42)
	at org.junit.internal.runners.JUnit4ClassRunner.invokeTestMethod(JUnit4ClassRunner.java:88)
	at org.junit.internal.runners.JUnit4ClassRunner.runMethods(JUnit4ClassRunner.java:51)
	at org.junit.internal.runners.JUnit4ClassRunner$1.run(JUnit4ClassRunner.java:44)
	at org.junit.internal.runners.ClassRoadie.runUnprotected(ClassRoadie.java:27)
	at org.junit.internal.runners.ClassRoadie.runProtected(ClassRoadie.java:37)
	at org.junit.internal.runners.JUnit4ClassRunner.run(JUnit4ClassRunner.java:42)
	at org.apache.maven.surefire.junit4.JUnit4TestSet.execute(JUnit4TestSet.java:53)
	at org.apache.maven.surefire.junit4.JUnit4Provider.executeTestSet(JUnit4Provider.java:123)
	at org.apache.maven.surefire.junit4.JUnit4Provider.invoke(JUnit4Provider.java:104)
	at sun.reflect.NativeMethodAccessorImpl.invoke0(Native Method)
	at sun.reflect.NativeMethodAccessorImpl.invoke(NativeMethodAccessorImpl.java:57)
	at sun.reflect.DelegatingMethodAccessorImpl.invoke(DelegatingMethodAccessorImpl.java:43)
	at java.lang.reflect.Method.invoke(Method.java:606)
	at org.apache.maven.surefire.util.ReflectionUtils.invokeMethodWithArray(ReflectionUtils.java:164)
	at org.apache.maven.surefire.booter.ProviderFactory$ProviderProxy.invoke(ProviderFactory.java:110)
	at org.apache.maven.surefire.booter.SurefireStarter.invokeProvider(SurefireStarter.java:175)
	at org.apache.maven.surefire.booter.SurefireStarter.runSuitesInProcessWhenForked(SurefireStarter.java:107)
	at org.apache.maven.surefire.booter.ForkedBooter.main(ForkedBooter.java:68)
</error>
  </testcase>
</testsuite>